<?xml version="1.0" encoding="UTF-8"?>
<robot generator="Robot 6.0.1 (Python 3.10.9 on win32)" generated="20221222 09:28:17.093" rpa="false" schemaversion="3">
<suite id="s1" name="Tests" source="C:\Users\Marina Ros\Documents\GitHub\Food-Bank-Implementation\.cci\projects\NPSP\6298722fdb7929c0c8d4d635aed54ef1c8193ca1\robot\Cumulus\tests">
<suite id="s1-s1" name="Api" source="C:\Users\Marina Ros\Documents\GitHub\Food-Bank-Implementation\.cci\projects\NPSP\6298722fdb7929c0c8d4d635aed54ef1c8193ca1\robot\Cumulus\tests\api">
<suite id="s1-s1-s1" name="Create Contact Api" source="C:\Users\Marina Ros\Documents\GitHub\Food-Bank-Implementation\.cci\projects\NPSP\6298722fdb7929c0c8d4d635aed54ef1c8193ca1\robot\Cumulus\tests\api\create_contact_api.robot">
<kw name="Open Test Browser" library="Salesforce" type="SETUP">
<doc>Opens a test browser to the org.</doc>
<kw name="Run Keyword If" library="BuiltIn">
<var>${login_url}</var>
<arg>$useralias</arg>
<arg>Login URL</arg>
<arg>alias=${useralias}</arg>
<arg>ELSE</arg>
<arg>Login URL</arg>
<doc>Runs the given keyword with the given arguments, if ``condition`` is true.</doc>
<kw name="Login Url" library="cumulusci.robotframework.CumulusCI">
<doc>Returns the login url which will automatically log into the target
Salesforce org.  By default, the org_name passed to the library
constructor is used but this can be overridden with the org option
to log into a different org.</doc>
<status status="PASS" starttime="20221222 09:28:18.082" endtime="20221222 09:28:18.082"/>
</kw>
<msg timestamp="20221222 09:28:18.082" level="INFO">${login_url} = https://computing-platform-240-dev-ed.scratch.my.salesforce.com/secur/frontdoor.jsp?sid=00D8H0000004iJ9!ARcAQJXqHRf7Z7HVq1w.HkNjHTJNnllL0jOM2Nd4B9ZVPSNOshF0xE0YBGQNZZ8LwGWzPsKdUG0Y.KtlIIoAN7bJRg9zvRrP</msg>
<status status="PASS" starttime="20221222 09:28:18.078" endtime="20221222 09:28:18.082"/>
</kw>
<kw name="Run Keyword If" library="BuiltIn">
<arg>'${BROWSER}' == 'chrome'</arg>
<arg>Open Test Browser Chrome</arg>
<arg>${login_url}</arg>
<arg>alias=${alias}</arg>
<arg>ELSE IF</arg>
<arg>'${BROWSER}' == 'firefox'</arg>
<arg>Open Test Browser Firefox</arg>
<arg>${login_url}</arg>
<arg>alias=${alias}</arg>
<arg>ELSE IF</arg>
<arg>'${BROWSER}' == 'headlesschrome'</arg>
<arg>Open Test Browser Chrome</arg>
<arg>${login_url}</arg>
<arg>alias=${alias}</arg>
<arg>ELSE IF</arg>
<arg>'${BROWSER}' == 'headlessfirefox'</arg>
<arg>Open Test Browser Headless Firefox</arg>
<arg>${login_url}</arg>
<arg>alias=${alias}</arg>
<arg>ELSE</arg>
<arg>Open Browser</arg>
<arg>${login_url}</arg>
<arg>${BROWSER}</arg>
<arg>alias=${alias}</arg>
<doc>Runs the given keyword with the given arguments, if ``condition`` is true.</doc>
<kw name="Open Test Browser Chrome" library="Salesforce">
<arg>${login_url}</arg>
<arg>alias=${alias}</arg>
<doc>Opens a Chrome browser window and navigates to the org
This keyword isn't normally called directly by a test. It is used
by the `Open Test Browser` keyword.</doc>
<kw name="Get Chrome Options" library="Salesforce">
<var>${options}</var>
<doc>Returns a dictionary of chrome options, for use by the keyword `Open Test Browser`.</doc>
<kw name="Evaluate" library="BuiltIn">
<var>${options}</var>
<arg>selenium.webdriver.ChromeOptions()</arg>
<arg>modules=selenium</arg>
<doc>Evaluates the given expression in Python and returns the result.</doc>
<msg timestamp="20221222 09:28:18.084" level="INFO">${options} = &lt;selenium.webdriver.chrome.options.Options object at 0x00000247C5400430&gt;</msg>
<status status="PASS" starttime="20221222 09:28:18.083" endtime="20221222 09:28:18.084"/>
</kw>
<kw name="Run Keyword If" library="BuiltIn">
<arg>'${BROWSER}' == 'headlesschrome'</arg>
<arg>Chrome Set Headless</arg>
<arg>${options}</arg>
<doc>Runs the given keyword with the given arguments, if ``condition`` is true.</doc>
<status status="PASS" starttime="20221222 09:28:18.084" endtime="20221222 09:28:18.084"/>
</kw>
<kw name="Run Keyword If" library="BuiltIn">
<arg>'${CHROME_BINARY}' != '${empty}'</arg>
<arg>Chrome Set Binary</arg>
<arg>${options}</arg>
<doc>Runs the given keyword with the given arguments, if ``condition`` is true.</doc>
<status status="PASS" starttime="20221222 09:28:18.084" endtime="20221222 09:28:18.085"/>
</kw>
<kw name="Call Method" library="BuiltIn">
<arg>${options}</arg>
<arg>add_argument</arg>
<arg>--disable-notifications</arg>
<doc>Calls the named method of the given object with the provided arguments.</doc>
<status status="PASS" starttime="20221222 09:28:18.085" endtime="20221222 09:28:18.086"/>
</kw>
<msg timestamp="20221222 09:28:18.086" level="INFO">${options} = &lt;selenium.webdriver.chrome.options.Options object at 0x00000247C5400430&gt;</msg>
<status status="PASS" starttime="20221222 09:28:18.083" endtime="20221222 09:28:18.086"/>
</kw>
<kw name="Create Webdriver With Retry" library="cumulusci.robotframework.Salesforce">
<arg>Chrome</arg>
<arg>options=${options}</arg>
<arg>alias=${alias}</arg>
<doc>Call the Create Webdriver keyword.</doc>
<msg timestamp="20221222 09:28:18.086" level="INFO">Creating an instance of the Chrome WebDriver.</msg>
<msg timestamp="20221222 09:28:18.088" level="FAIL">WebDriverException: Message: 'chromedriver' executable needs to be in PATH. Please see https://sites.google.com/a/chromium.org/chromedriver/home
</msg>
<status status="FAIL" starttime="20221222 09:28:18.086" endtime="20221222 09:28:18.134"/>
</kw>
<kw name="Set Selenium Implicit Wait" library="SeleniumLibrary">
<arg>${IMPLICIT_WAIT}</arg>
<doc>Sets the implicit wait value used by Selenium.</doc>
<status status="NOT RUN" starttime="20221222 09:28:18.135" endtime="20221222 09:28:18.135"/>
</kw>
<kw name="Set Selenium Timeout" library="SeleniumLibrary">
<arg>${TIMEOUT}</arg>
<doc>Sets the timeout that is used by various keywords.</doc>
<status status="NOT RUN" starttime="20221222 09:28:18.135" endtime="20221222 09:28:18.135"/>
</kw>
<kw name="Go To" library="SeleniumLibrary">
<arg>${login_url}</arg>
<doc>Navigates the current browser window to the provided ``url``.</doc>
<status status="NOT RUN" starttime="20221222 09:28:18.135" endtime="20221222 09:28:18.135"/>
</kw>
<status status="FAIL" starttime="20221222 09:28:18.083" endtime="20221222 09:28:18.135"/>
</kw>
<status status="FAIL" starttime="20221222 09:28:18.082" endtime="20221222 09:28:18.135"/>
</kw>
<kw name="Convert To Boolean" library="BuiltIn">
<var>${should_wait}</var>
<arg>${wait}</arg>
<doc>Converts the given item to Boolean true or false.</doc>
<status status="NOT RUN" starttime="20221222 09:28:18.136" endtime="20221222 09:28:18.136"/>
</kw>
<kw name="Run Keyword If" library="BuiltIn">
<arg>$should_wait</arg>
<arg>Wait Until Salesforce Is Ready</arg>
<arg>timeout=180</arg>
<doc>Runs the given keyword with the given arguments, if ``condition`` is true.</doc>
<status status="NOT RUN" starttime="20221222 09:28:18.136" endtime="20221222 09:28:18.136"/>
</kw>
<kw name="Set Selenium Timeout" library="SeleniumLibrary">
<arg>${TIMEOUT}</arg>
<doc>Sets the timeout that is used by various keywords.</doc>
<status status="NOT RUN" starttime="20221222 09:28:18.136" endtime="20221222 09:28:18.136"/>
</kw>
<kw name="Initialize Location Strategies" library="cumulusci.robotframework.Salesforce">
<doc>Initialize the Salesforce custom location strategies</doc>
<status status="NOT RUN" starttime="20221222 09:28:18.136" endtime="20221222 09:28:18.136"/>
</kw>
<kw name="Split String" library="String">
<var>${width}</var>
<var>${height}</var>
<arg>${size}</arg>
<arg>separator=x</arg>
<arg>max_split=1</arg>
<doc>Splits the ``string`` using ``separator`` as a delimiter string.</doc>
<status status="NOT RUN" starttime="20221222 09:28:18.137" endtime="20221222 09:28:18.137"/>
</kw>
<kw name="Set Window Size" library="SeleniumLibrary">
<arg>${width}</arg>
<arg>${height}</arg>
<doc>Sets current windows size to given ``width`` and ``height``.</doc>
<status status="NOT RUN" starttime="20221222 09:28:18.137" endtime="20221222 09:28:18.137"/>
</kw>
<kw name="Set Selenium Speed" library="SeleniumLibrary">
<arg>${SELENIUM_SPEED}</arg>
<doc>Sets the delay that is waited after each Selenium command.</doc>
<status status="NOT RUN" starttime="20221222 09:28:18.137" endtime="20221222 09:28:18.137"/>
</kw>
<kw name="Log Browser Capabilities" library="cumulusci.robotframework.Salesforce">
<doc>Logs all of the browser capabilities as reported by selenium</doc>
<status status="NOT RUN" starttime="20221222 09:28:18.137" endtime="20221222 09:28:18.137"/>
</kw>
<status status="FAIL" starttime="20221222 09:28:18.077" endtime="20221222 09:28:18.138"/>
</kw>
<test id="s1-s1-s1-t1" name="Create via API" line="9">
<status status="FAIL" starttime="20221222 09:28:18.138" endtime="20221222 09:28:18.139">Parent suite setup failed:
WebDriverException: Message: 'chromedriver' executable needs to be in PATH. Please see https://sites.google.com/a/chromium.org/chromedriver/home
</status>
</test>
<kw name="Delete Records and Close Browser" library="Salesforce" type="TEARDOWN">
<doc>This will close all open browser windows and then delete
all records that were created with the Salesforce API during
this testing session.</doc>
<kw name="Close All Browsers" library="SeleniumLibrary">
<doc>Closes all open browsers and resets the browser cache.</doc>
<status status="PASS" starttime="20221222 09:28:18.144" endtime="20221222 09:28:18.144"/>
</kw>
<kw name="Delete Session Records" library="cumulusci.robotframework.SalesforceAPI">
<doc>Deletes records that were created while running this test case.</doc>
<msg timestamp="20221222 09:28:18.145" level="INFO">Deleting 0 records</msg>
<status status="PASS" starttime="20221222 09:28:18.145" endtime="20221222 09:28:18.145"/>
</kw>
<status status="PASS" starttime="20221222 09:28:18.144" endtime="20221222 09:28:18.145"/>
</kw>
<status status="FAIL" starttime="20221222 09:28:17.113" endtime="20221222 09:28:18.145">Suite setup failed:
WebDriverException: Message: 'chromedriver' executable needs to be in PATH. Please see https://sites.google.com/a/chromium.org/chromedriver/home
</status>
</suite>
<status status="FAIL" starttime="20221222 09:28:17.108" endtime="20221222 09:28:18.148"/>
</suite>
<suite id="s1-s2" name="Browser" source="C:\Users\Marina Ros\Documents\GitHub\Food-Bank-Implementation\.cci\projects\NPSP\6298722fdb7929c0c8d4d635aed54ef1c8193ca1\robot\Cumulus\tests\browser">
<suite id="s1-s2-s1" name="Affiliations" source="C:\Users\Marina Ros\Documents\GitHub\Food-Bank-Implementation\.cci\projects\NPSP\6298722fdb7929c0c8d4d635aed54ef1c8193ca1\robot\Cumulus\tests\browser\affiliations">
<suite id="s1-s2-s1-s1" name="Change Secondary As Primary Affiliation" source="C:\Users\Marina Ros\Documents\GitHub\Food-Bank-Implementation\.cci\projects\NPSP\6298722fdb7929c0c8d4d635aed54ef1c8193ca1\robot\Cumulus\tests\browser\affiliations\change_secondary_as_primary_affiliation.robot">
<kw name="Open Test Browser" library="Salesforce" type="SETUP">
<doc>Opens a test browser to the org.</doc>
<kw name="Run Keyword If" library="BuiltIn">
<var>${login_url}</var>
<arg>$useralias</arg>
<arg>Login URL</arg>
<arg>alias=${useralias}</arg>
<arg>ELSE</arg>
<arg>Login URL</arg>
<doc>Runs the given keyword with the given arguments, if ``condition`` is true.</doc>
<kw name="Login Url" library="cumulusci.robotframework.CumulusCI">
<doc>Returns the login url which will automatically log into the target
Salesforce org.  By default, the org_name passed to the library
constructor is used but this can be overridden with the org option
to log into a different org.</doc>
<status status="PASS" starttime="20221222 09:28:18.211" endtime="20221222 09:28:18.211"/>
</kw>
<msg timestamp="20221222 09:28:18.211" level="INFO">${login_url} = https://computing-platform-240-dev-ed.scratch.my.salesforce.com/secur/frontdoor.jsp?sid=00D8H0000004iJ9!ARcAQJXqHRf7Z7HVq1w.HkNjHTJNnllL0jOM2Nd4B9ZVPSNOshF0xE0YBGQNZZ8LwGWzPsKdUG0Y.KtlIIoAN7bJRg9zvRrP</msg>
<status status="PASS" starttime="20221222 09:28:18.211" endtime="20221222 09:28:18.211"/>
</kw>
<kw name="Run Keyword If" library="BuiltIn">
<arg>'${BROWSER}' == 'chrome'</arg>
<arg>Open Test Browser Chrome</arg>
<arg>${login_url}</arg>
<arg>alias=${alias}</arg>
<arg>ELSE IF</arg>
<arg>'${BROWSER}' == 'firefox'</arg>
<arg>Open Test Browser Firefox</arg>
<arg>${login_url}</arg>
<arg>alias=${alias}</arg>
<arg>ELSE IF</arg>
<arg>'${BROWSER}' == 'headlesschrome'</arg>
<arg>Open Test Browser Chrome</arg>
<arg>${login_url}</arg>
<arg>alias=${alias}</arg>
<arg>ELSE IF</arg>
<arg>'${BROWSER}' == 'headlessfirefox'</arg>
<arg>Open Test Browser Headless Firefox</arg>
<arg>${login_url}</arg>
<arg>alias=${alias}</arg>
<arg>ELSE</arg>
<arg>Open Browser</arg>
<arg>${login_url}</arg>
<arg>${BROWSER}</arg>
<arg>alias=${alias}</arg>
<doc>Runs the given keyword with the given arguments, if ``condition`` is true.</doc>
<kw name="Open Test Browser Chrome" library="Salesforce">
<arg>${login_url}</arg>
<arg>alias=${alias}</arg>
<doc>Opens a Chrome browser window and navigates to the org
This keyword isn't normally called directly by a test. It is used
by the `Open Test Browser` keyword.</doc>
<kw name="Get Chrome Options" library="Salesforce">
<var>${options}</var>
<doc>Returns a dictionary of chrome options, for use by the keyword `Open Test Browser`.</doc>
<kw name="Evaluate" library="BuiltIn">
<var>${options}</var>
<arg>selenium.webdriver.ChromeOptions()</arg>
<arg>modules=selenium</arg>
<doc>Evaluates the given expression in Python and returns the result.</doc>
<msg timestamp="20221222 09:28:18.212" level="INFO">${options} = &lt;selenium.webdriver.chrome.options.Options object at 0x00000247C54003A0&gt;</msg>
<status status="PASS" starttime="20221222 09:28:18.212" endtime="20221222 09:28:18.212"/>
</kw>
<kw name="Run Keyword If" library="BuiltIn">
<arg>'${BROWSER}' == 'headlesschrome'</arg>
<arg>Chrome Set Headless</arg>
<arg>${options}</arg>
<doc>Runs the given keyword with the given arguments, if ``condition`` is true.</doc>
<status status="PASS" starttime="20221222 09:28:18.212" endtime="20221222 09:28:18.212"/>
</kw>
<kw name="Run Keyword If" library="BuiltIn">
<arg>'${CHROME_BINARY}' != '${empty}'</arg>
<arg>Chrome Set Binary</arg>
<arg>${options}</arg>
<doc>Runs the given keyword with the given arguments, if ``condition`` is true.</doc>
<status status="PASS" starttime="20221222 09:28:18.213" endtime="20221222 09:28:18.213"/>
</kw>
<kw name="Call Method" library="BuiltIn">
<arg>${options}</arg>
<arg>add_argument</arg>
<arg>--disable-notifications</arg>
<doc>Calls the named method of the given object with the provided arguments.</doc>
<status status="PASS" starttime="20221222 09:28:18.213" endtime="20221222 09:28:18.213"/>
</kw>
<msg timestamp="20221222 09:28:18.213" level="INFO">${options} = &lt;selenium.webdriver.chrome.options.Options object at 0x00000247C54003A0&gt;</msg>
<status status="PASS" starttime="20221222 09:28:18.212" endtime="20221222 09:28:18.214"/>
</kw>
<kw name="Create Webdriver With Retry" library="cumulusci.robotframework.Salesforce">
<arg>Chrome</arg>
<arg>options=${options}</arg>
<arg>alias=${alias}</arg>
<doc>Call the Create Webdriver keyword.</doc>
<msg timestamp="20221222 09:28:18.214" level="INFO">Creating an instance of the Chrome WebDriver.</msg>
<msg timestamp="20221222 09:28:18.215" level="FAIL">WebDriverException: Message: 'chromedriver' executable needs to be in PATH. Please see https://sites.google.com/a/chromium.org/chromedriver/home
</msg>
<status status="FAIL" starttime="20221222 09:28:18.214" endtime="20221222 09:28:18.216"/>
</kw>
<kw name="Set Selenium Implicit Wait" library="SeleniumLibrary">
<arg>${IMPLICIT_WAIT}</arg>
<doc>Sets the implicit wait value used by Selenium.</doc>
<status status="NOT RUN" starttime="20221222 09:28:18.216" endtime="20221222 09:28:18.216"/>
</kw>
<kw name="Set Selenium Timeout" library="SeleniumLibrary">
<arg>${TIMEOUT}</arg>
<doc>Sets the timeout that is used by various keywords.</doc>
<status status="NOT RUN" starttime="20221222 09:28:18.216" endtime="20221222 09:28:18.216"/>
</kw>
<kw name="Go To" library="SeleniumLibrary">
<arg>${login_url}</arg>
<doc>Navigates the current browser window to the provided ``url``.</doc>
<status status="NOT RUN" starttime="20221222 09:28:18.216" endtime="20221222 09:28:18.216"/>
</kw>
<status status="FAIL" starttime="20221222 09:28:18.211" endtime="20221222 09:28:18.217"/>
</kw>
<status status="FAIL" starttime="20221222 09:28:18.211" endtime="20221222 09:28:18.217"/>
</kw>
<kw name="Convert To Boolean" library="BuiltIn">
<var>${should_wait}</var>
<arg>${wait}</arg>
<doc>Converts the given item to Boolean true or false.</doc>
<status status="NOT RUN" starttime="20221222 09:28:18.217" endtime="20221222 09:28:18.217"/>
</kw>
<kw name="Run Keyword If" library="BuiltIn">
<arg>$should_wait</arg>
<arg>Wait Until Salesforce Is Ready</arg>
<arg>timeout=180</arg>
<doc>Runs the given keyword with the given arguments, if ``condition`` is true.</doc>
<status status="NOT RUN" starttime="20221222 09:28:18.217" endtime="20221222 09:28:18.217"/>
</kw>
<kw name="Set Selenium Timeout" library="SeleniumLibrary">
<arg>${TIMEOUT}</arg>
<doc>Sets the timeout that is used by various keywords.</doc>
<status status="NOT RUN" starttime="20221222 09:28:18.217" endtime="20221222 09:28:18.217"/>
</kw>
<kw name="Initialize Location Strategies" library="cumulusci.robotframework.Salesforce">
<doc>Initialize the Salesforce custom location strategies</doc>
<status status="NOT RUN" starttime="20221222 09:28:18.217" endtime="20221222 09:28:18.217"/>
</kw>
<kw name="Split String" library="String">
<var>${width}</var>
<var>${height}</var>
<arg>${size}</arg>
<arg>separator=x</arg>
<arg>max_split=1</arg>
<doc>Splits the ``string`` using ``separator`` as a delimiter string.</doc>
<status status="NOT RUN" starttime="20221222 09:28:18.217" endtime="20221222 09:28:18.217"/>
</kw>
<kw name="Set Window Size" library="SeleniumLibrary">
<arg>${width}</arg>
<arg>${height}</arg>
<doc>Sets current windows size to given ``width`` and ``height``.</doc>
<status status="NOT RUN" starttime="20221222 09:28:18.217" endtime="20221222 09:28:18.217"/>
</kw>
<kw name="Set Selenium Speed" library="SeleniumLibrary">
<arg>${SELENIUM_SPEED}</arg>
<doc>Sets the delay that is waited after each Selenium command.</doc>
<status status="NOT RUN" starttime="20221222 09:28:18.217" endtime="20221222 09:28:18.217"/>
</kw>
<kw name="Log Browser Capabilities" library="cumulusci.robotframework.Salesforce">
<doc>Logs all of the browser capabilities as reported by selenium</doc>
<status status="NOT RUN" starttime="20221222 09:28:18.218" endtime="20221222 09:28:18.218"/>
</kw>
<status status="FAIL" starttime="20221222 09:28:18.210" endtime="20221222 09:28:18.218"/>
</kw>
<test id="s1-s2-s1-s1-t1" name="Create Secondary Affiliation for Contact" line="9">
<tag>unstable</tag>
<status status="FAIL" starttime="20221222 09:28:18.218" endtime="20221222 09:28:18.218">Parent suite setup failed:
WebDriverException: Message: 'chromedriver' executable needs to be in PATH. Please see https://sites.google.com/a/chromium.org/chromedriver/home
</status>
</test>
<kw name="Delete Records and Close Browser" library="Salesforce" type="TEARDOWN">
<doc>This will close all open browser windows and then delete
all records that were created with the Salesforce API during
this testing session.</doc>
<kw name="Close All Browsers" library="SeleniumLibrary">
<doc>Closes all open browsers and resets the browser cache.</doc>
<status status="PASS" starttime="20221222 09:28:18.221" endtime="20221222 09:28:18.221"/>
</kw>
<kw name="Delete Session Records" library="cumulusci.robotframework.SalesforceAPI">
<doc>Deletes records that were created while running this test case.</doc>
<msg timestamp="20221222 09:28:18.221" level="INFO">Deleting 0 records</msg>
<status status="PASS" starttime="20221222 09:28:18.221" endtime="20221222 09:28:18.221"/>
</kw>
<status status="PASS" starttime="20221222 09:28:18.221" endtime="20221222 09:28:18.222"/>
</kw>
<status status="FAIL" starttime="20221222 09:28:18.159" endtime="20221222 09:28:18.222">Suite setup failed:
WebDriverException: Message: 'chromedriver' executable needs to be in PATH. Please see https://sites.google.com/a/chromium.org/chromedriver/home
</status>
</suite>
<suite id="s1-s2-s1-s2" name="Create Primary Affiliation" source="C:\Users\Marina Ros\Documents\GitHub\Food-Bank-Implementation\.cci\projects\NPSP\6298722fdb7929c0c8d4d635aed54ef1c8193ca1\robot\Cumulus\tests\browser\affiliations\create_primary_affiliation.robot">
<kw name="Open Test Browser" library="Salesforce" type="SETUP">
<doc>Opens a test browser to the org.</doc>
<kw name="Run Keyword If" library="BuiltIn">
<var>${login_url}</var>
<arg>$useralias</arg>
<arg>Login URL</arg>
<arg>alias=${useralias}</arg>
<arg>ELSE</arg>
<arg>Login URL</arg>
<doc>Runs the given keyword with the given arguments, if ``condition`` is true.</doc>
<kw name="Login Url" library="cumulusci.robotframework.CumulusCI">
<doc>Returns the login url which will automatically log into the target
Salesforce org.  By default, the org_name passed to the library
constructor is used but this can be overridden with the org option
to log into a different org.</doc>
<status status="PASS" starttime="20221222 09:28:18.240" endtime="20221222 09:28:18.240"/>
</kw>
<msg timestamp="20221222 09:28:18.240" level="INFO">${login_url} = https://computing-platform-240-dev-ed.scratch.my.salesforce.com/secur/frontdoor.jsp?sid=00D8H0000004iJ9!ARcAQJXqHRf7Z7HVq1w.HkNjHTJNnllL0jOM2Nd4B9ZVPSNOshF0xE0YBGQNZZ8LwGWzPsKdUG0Y.KtlIIoAN7bJRg9zvRrP</msg>
<status status="PASS" starttime="20221222 09:28:18.240" endtime="20221222 09:28:18.240"/>
</kw>
<kw name="Run Keyword If" library="BuiltIn">
<arg>'${BROWSER}' == 'chrome'</arg>
<arg>Open Test Browser Chrome</arg>
<arg>${login_url}</arg>
<arg>alias=${alias}</arg>
<arg>ELSE IF</arg>
<arg>'${BROWSER}' == 'firefox'</arg>
<arg>Open Test Browser Firefox</arg>
<arg>${login_url}</arg>
<arg>alias=${alias}</arg>
<arg>ELSE IF</arg>
<arg>'${BROWSER}' == 'headlesschrome'</arg>
<arg>Open Test Browser Chrome</arg>
<arg>${login_url}</arg>
<arg>alias=${alias}</arg>
<arg>ELSE IF</arg>
<arg>'${BROWSER}' == 'headlessfirefox'</arg>
<arg>Open Test Browser Headless Firefox</arg>
<arg>${login_url}</arg>
<arg>alias=${alias}</arg>
<arg>ELSE</arg>
<arg>Open Browser</arg>
<arg>${login_url}</arg>
<arg>${BROWSER}</arg>
<arg>alias=${alias}</arg>
<doc>Runs the given keyword with the given arguments, if ``condition`` is true.</doc>
<kw name="Open Test Browser Chrome" library="Salesforce">
<arg>${login_url}</arg>
<arg>alias=${alias}</arg>
<doc>Opens a Chrome browser window and navigates to the org
This keyword isn't normally called directly by a test. It is used
by the `Open Test Browser` keyword.</doc>
<kw name="Get Chrome Options" library="Salesforce">
<var>${options}</var>
<doc>Returns a dictionary of chrome options, for use by the keyword `Open Test Browser`.</doc>
<kw name="Evaluate" library="BuiltIn">
<var>${options}</var>
<arg>selenium.webdriver.ChromeOptions()</arg>
<arg>modules=selenium</arg>
<doc>Evaluates the given expression in Python and returns the result.</doc>
<msg timestamp="20221222 09:28:18.242" level="INFO">${options} = &lt;selenium.webdriver.chrome.options.Options object at 0x00000247C5403940&gt;</msg>
<status status="PASS" starttime="20221222 09:28:18.241" endtime="20221222 09:28:18.242"/>
</kw>
<kw name="Run Keyword If" library="BuiltIn">
<arg>'${BROWSER}' == 'headlesschrome'</arg>
<arg>Chrome Set Headless</arg>
<arg>${options}</arg>
<doc>Runs the given keyword with the given arguments, if ``condition`` is true.</doc>
<status status="PASS" starttime="20221222 09:28:18.242" endtime="20221222 09:28:18.242"/>
</kw>
<kw name="Run Keyword If" library="BuiltIn">
<arg>'${CHROME_BINARY}' != '${empty}'</arg>
<arg>Chrome Set Binary</arg>
<arg>${options}</arg>
<doc>Runs the given keyword with the given arguments, if ``condition`` is true.</doc>
<status status="PASS" starttime="20221222 09:28:18.242" endtime="20221222 09:28:18.243"/>
</kw>
<kw name="Call Method" library="BuiltIn">
<arg>${options}</arg>
<arg>add_argument</arg>
<arg>--disable-notifications</arg>
<doc>Calls the named method of the given object with the provided arguments.</doc>
<status status="PASS" starttime="20221222 09:28:18.243" endtime="20221222 09:28:18.243"/>
</kw>
<msg timestamp="20221222 09:28:18.243" level="INFO">${options} = &lt;selenium.webdriver.chrome.options.Options object at 0x00000247C5403940&gt;</msg>
<status status="PASS" starttime="20221222 09:28:18.241" endtime="20221222 09:28:18.243"/>
</kw>
<kw name="Create Webdriver With Retry" library="cumulusci.robotframework.Salesforce">
<arg>Chrome</arg>
<arg>options=${options}</arg>
<arg>alias=${alias}</arg>
<doc>Call the Create Webdriver keyword.</doc>
<msg timestamp="20221222 09:28:18.243" level="INFO">Creating an instance of the Chrome WebDriver.</msg>
<msg timestamp="20221222 09:28:18.246" level="FAIL">WebDriverException: Message: 'chromedriver' executable needs to be in PATH. Please see https://sites.google.com/a/chromium.org/chromedriver/home
</msg>
<status status="FAIL" starttime="20221222 09:28:18.243" endtime="20221222 09:28:18.246"/>
</kw>
<kw name="Set Selenium Implicit Wait" library="SeleniumLibrary">
<arg>${IMPLICIT_WAIT}</arg>
<doc>Sets the implicit wait value used by Selenium.</doc>
<status status="NOT RUN" starttime="20221222 09:28:18.246" endtime="20221222 09:28:18.246"/>
</kw>
<kw name="Set Selenium Timeout" library="SeleniumLibrary">
<arg>${TIMEOUT}</arg>
<doc>Sets the timeout that is used by various keywords.</doc>
<status status="NOT RUN" starttime="20221222 09:28:18.247" endtime="20221222 09:28:18.247"/>
</kw>
<kw name="Go To" library="SeleniumLibrary">
<arg>${login_url}</arg>
<doc>Navigates the current browser window to the provided ``url``.</doc>
<status status="NOT RUN" starttime="20221222 09:28:18.247" endtime="20221222 09:28:18.247"/>
</kw>
<status status="FAIL" starttime="20221222 09:28:18.241" endtime="20221222 09:28:18.247"/>
</kw>
<status status="FAIL" starttime="20221222 09:28:18.240" endtime="20221222 09:28:18.247"/>
</kw>
<kw name="Convert To Boolean" library="BuiltIn">
<var>${should_wait}</var>
<arg>${wait}</arg>
<doc>Converts the given item to Boolean true or false.</doc>
<status status="NOT RUN" starttime="20221222 09:28:18.247" endtime="20221222 09:28:18.247"/>
</kw>
<kw name="Run Keyword If" library="BuiltIn">
<arg>$should_wait</arg>
<arg>Wait Until Salesforce Is Ready</arg>
<arg>timeout=180</arg>
<doc>Runs the given keyword with the given arguments, if ``condition`` is true.</doc>
<status status="NOT RUN" starttime="20221222 09:28:18.247" endtime="20221222 09:28:18.247"/>
</kw>
<kw name="Set Selenium Timeout" library="SeleniumLibrary">
<arg>${TIMEOUT}</arg>
<doc>Sets the timeout that is used by various keywords.</doc>
<status status="NOT RUN" starttime="20221222 09:28:18.247" endtime="20221222 09:28:18.247"/>
</kw>
<kw name="Initialize Location Strategies" library="cumulusci.robotframework.Salesforce">
<doc>Initialize the Salesforce custom location strategies</doc>
<status status="NOT RUN" starttime="20221222 09:28:18.247" endtime="20221222 09:28:18.248"/>
</kw>
<kw name="Split String" library="String">
<var>${width}</var>
<var>${height}</var>
<arg>${size}</arg>
<arg>separator=x</arg>
<arg>max_split=1</arg>
<doc>Splits the ``string`` using ``separator`` as a delimiter string.</doc>
<status status="NOT RUN" starttime="20221222 09:28:18.248" endtime="20221222 09:28:18.248"/>
</kw>
<kw name="Set Window Size" library="SeleniumLibrary">
<arg>${width}</arg>
<arg>${height}</arg>
<doc>Sets current windows size to given ``width`` and ``height``.</doc>
<status status="NOT RUN" starttime="20221222 09:28:18.248" endtime="20221222 09:28:18.248"/>
</kw>
<kw name="Set Selenium Speed" library="SeleniumLibrary">
<arg>${SELENIUM_SPEED}</arg>
<doc>Sets the delay that is waited after each Selenium command.</doc>
<status status="NOT RUN" starttime="20221222 09:28:18.248" endtime="20221222 09:28:18.248"/>
</kw>
<kw name="Log Browser Capabilities" library="cumulusci.robotframework.Salesforce">
<doc>Logs all of the browser capabilities as reported by selenium</doc>
<status status="NOT RUN" starttime="20221222 09:28:18.248" endtime="20221222 09:28:18.248"/>
</kw>
<status status="FAIL" starttime="20221222 09:28:18.239" endtime="20221222 09:28:18.248"/>
</kw>
<test id="s1-s2-s1-s2-t1" name="Create Primary Affiliation for Contact" line="9">
<status status="FAIL" starttime="20221222 09:28:18.248" endtime="20221222 09:28:18.249">Parent suite setup failed:
WebDriverException: Message: 'chromedriver' executable needs to be in PATH. Please see https://sites.google.com/a/chromium.org/chromedriver/home
</status>
</test>
<kw name="Delete Records and Close Browser" library="Salesforce" type="TEARDOWN">
<doc>This will close all open browser windows and then delete
all records that were created with the Salesforce API during
this testing session.</doc>
<kw name="Close All Browsers" library="SeleniumLibrary">
<doc>Closes all open browsers and resets the browser cache.</doc>
<status status="PASS" starttime="20221222 09:28:18.254" endtime="20221222 09:28:18.255"/>
</kw>
<kw name="Delete Session Records" library="cumulusci.robotframework.SalesforceAPI">
<doc>Deletes records that were created while running this test case.</doc>
<msg timestamp="20221222 09:28:18.255" level="INFO">Deleting 0 records</msg>
<status status="PASS" starttime="20221222 09:28:18.255" endtime="20221222 09:28:18.255"/>
</kw>
<status status="PASS" starttime="20221222 09:28:18.254" endtime="20221222 09:28:18.255"/>
</kw>
<status status="FAIL" starttime="20221222 09:28:18.224" endtime="20221222 09:28:18.255">Suite setup failed:
WebDriverException: Message: 'chromedriver' executable needs to be in PATH. Please see https://sites.google.com/a/chromium.org/chromedriver/home
</status>
</suite>
<suite id="s1-s2-s1-s3" name="Create Secondary Affiliation" source="C:\Users\Marina Ros\Documents\GitHub\Food-Bank-Implementation\.cci\projects\NPSP\6298722fdb7929c0c8d4d635aed54ef1c8193ca1\robot\Cumulus\tests\browser\affiliations\create_secondary_affiliation.robot">
<kw name="Open Test Browser" library="Salesforce" type="SETUP">
<doc>Opens a test browser to the org.</doc>
<kw name="Run Keyword If" library="BuiltIn">
<var>${login_url}</var>
<arg>$useralias</arg>
<arg>Login URL</arg>
<arg>alias=${useralias}</arg>
<arg>ELSE</arg>
<arg>Login URL</arg>
<doc>Runs the given keyword with the given arguments, if ``condition`` is true.</doc>
<kw name="Login Url" library="cumulusci.robotframework.CumulusCI">
<doc>Returns the login url which will automatically log into the target
Salesforce org.  By default, the org_name passed to the library
constructor is used but this can be overridden with the org option
to log into a different org.</doc>
<status status="PASS" starttime="20221222 09:28:18.276" endtime="20221222 09:28:18.276"/>
</kw>
<msg timestamp="20221222 09:28:18.276" level="INFO">${login_url} = https://computing-platform-240-dev-ed.scratch.my.salesforce.com/secur/frontdoor.jsp?sid=00D8H0000004iJ9!ARcAQJXqHRf7Z7HVq1w.HkNjHTJNnllL0jOM2Nd4B9ZVPSNOshF0xE0YBGQNZZ8LwGWzPsKdUG0Y.KtlIIoAN7bJRg9zvRrP</msg>
<status status="PASS" starttime="20221222 09:28:18.275" endtime="20221222 09:28:18.276"/>
</kw>
<kw name="Run Keyword If" library="BuiltIn">
<arg>'${BROWSER}' == 'chrome'</arg>
<arg>Open Test Browser Chrome</arg>
<arg>${login_url}</arg>
<arg>alias=${alias}</arg>
<arg>ELSE IF</arg>
<arg>'${BROWSER}' == 'firefox'</arg>
<arg>Open Test Browser Firefox</arg>
<arg>${login_url}</arg>
<arg>alias=${alias}</arg>
<arg>ELSE IF</arg>
<arg>'${BROWSER}' == 'headlesschrome'</arg>
<arg>Open Test Browser Chrome</arg>
<arg>${login_url}</arg>
<arg>alias=${alias}</arg>
<arg>ELSE IF</arg>
<arg>'${BROWSER}' == 'headlessfirefox'</arg>
<arg>Open Test Browser Headless Firefox</arg>
<arg>${login_url}</arg>
<arg>alias=${alias}</arg>
<arg>ELSE</arg>
<arg>Open Browser</arg>
<arg>${login_url}</arg>
<arg>${BROWSER}</arg>
<arg>alias=${alias}</arg>
<doc>Runs the given keyword with the given arguments, if ``condition`` is true.</doc>
<kw name="Open Test Browser Chrome" library="Salesforce">
<arg>${login_url}</arg>
<arg>alias=${alias}</arg>
<doc>Opens a Chrome browser window and navigates to the org
This keyword isn't normally called directly by a test. It is used
by the `Open Test Browser` keyword.</doc>
<kw name="Get Chrome Options" library="Salesforce">
<var>${options}</var>
<doc>Returns a dictionary of chrome options, for use by the keyword `Open Test Browser`.</doc>
<kw name="Evaluate" library="BuiltIn">
<var>${options}</var>
<arg>selenium.webdriver.ChromeOptions()</arg>
<arg>modules=selenium</arg>
<doc>Evaluates the given expression in Python and returns the result.</doc>
<msg timestamp="20221222 09:28:18.277" level="INFO">${options} = &lt;selenium.webdriver.chrome.options.Options object at 0x00000247C300B6D0&gt;</msg>
<status status="PASS" starttime="20221222 09:28:18.277" endtime="20221222 09:28:18.277"/>
</kw>
<kw name="Run Keyword If" library="BuiltIn">
<arg>'${BROWSER}' == 'headlesschrome'</arg>
<arg>Chrome Set Headless</arg>
<arg>${options}</arg>
<doc>Runs the given keyword with the given arguments, if ``condition`` is true.</doc>
<status status="PASS" starttime="20221222 09:28:18.277" endtime="20221222 09:28:18.278"/>
</kw>
<kw name="Run Keyword If" library="BuiltIn">
<arg>'${CHROME_BINARY}' != '${empty}'</arg>
<arg>Chrome Set Binary</arg>
<arg>${options}</arg>
<doc>Runs the given keyword with the given arguments, if ``condition`` is true.</doc>
<status status="PASS" starttime="20221222 09:28:18.278" endtime="20221222 09:28:18.278"/>
</kw>
<kw name="Call Method" library="BuiltIn">
<arg>${options}</arg>
<arg>add_argument</arg>
<arg>--disable-notifications</arg>
<doc>Calls the named method of the given object with the provided arguments.</doc>
<status status="PASS" starttime="20221222 09:28:18.278" endtime="20221222 09:28:18.279"/>
</kw>
<msg timestamp="20221222 09:28:18.279" level="INFO">${options} = &lt;selenium.webdriver.chrome.options.Options object at 0x00000247C300B6D0&gt;</msg>
<status status="PASS" starttime="20221222 09:28:18.277" endtime="20221222 09:28:18.279"/>
</kw>
<kw name="Create Webdriver With Retry" library="cumulusci.robotframework.Salesforce">
<arg>Chrome</arg>
<arg>options=${options}</arg>
<arg>alias=${alias}</arg>
<doc>Call the Create Webdriver keyword.</doc>
<msg timestamp="20221222 09:28:18.279" level="INFO">Creating an instance of the Chrome WebDriver.</msg>
<msg timestamp="20221222 09:28:18.281" level="FAIL">WebDriverException: Message: 'chromedriver' executable needs to be in PATH. Please see https://sites.google.com/a/chromium.org/chromedriver/home
</msg>
<status status="FAIL" starttime="20221222 09:28:18.279" endtime="20221222 09:28:18.281"/>
</kw>
<kw name="Set Selenium Implicit Wait" library="SeleniumLibrary">
<arg>${IMPLICIT_WAIT}</arg>
<doc>Sets the implicit wait value used by Selenium.</doc>
<status status="NOT RUN" starttime="20221222 09:28:18.282" endtime="20221222 09:28:18.282"/>
</kw>
<kw name="Set Selenium Timeout" library="SeleniumLibrary">
<arg>${TIMEOUT}</arg>
<doc>Sets the timeout that is used by various keywords.</doc>
<status status="NOT RUN" starttime="20221222 09:28:18.282" endtime="20221222 09:28:18.282"/>
</kw>
<kw name="Go To" library="SeleniumLibrary">
<arg>${login_url}</arg>
<doc>Navigates the current browser window to the provided ``url``.</doc>
<status status="NOT RUN" starttime="20221222 09:28:18.282" endtime="20221222 09:28:18.282"/>
</kw>
<status status="FAIL" starttime="20221222 09:28:18.276" endtime="20221222 09:28:18.282"/>
</kw>
<status status="FAIL" starttime="20221222 09:28:18.276" endtime="20221222 09:28:18.283"/>
</kw>
<kw name="Convert To Boolean" library="BuiltIn">
<var>${should_wait}</var>
<arg>${wait}</arg>
<doc>Converts the given item to Boolean true or false.</doc>
<status status="NOT RUN" starttime="20221222 09:28:18.283" endtime="20221222 09:28:18.283"/>
</kw>
<kw name="Run Keyword If" library="BuiltIn">
<arg>$should_wait</arg>
<arg>Wait Until Salesforce Is Ready</arg>
<arg>timeout=180</arg>
<doc>Runs the given keyword with the given arguments, if ``condition`` is true.</doc>
<status status="NOT RUN" starttime="20221222 09:28:18.283" endtime="20221222 09:28:18.283"/>
</kw>
<kw name="Set Selenium Timeout" library="SeleniumLibrary">
<arg>${TIMEOUT}</arg>
<doc>Sets the timeout that is used by various keywords.</doc>
<status status="NOT RUN" starttime="20221222 09:28:18.283" endtime="20221222 09:28:18.283"/>
</kw>
<kw name="Initialize Location Strategies" library="cumulusci.robotframework.Salesforce">
<doc>Initialize the Salesforce custom location strategies</doc>
<status status="NOT RUN" starttime="20221222 09:28:18.283" endtime="20221222 09:28:18.283"/>
</kw>
<kw name="Split String" library="String">
<var>${width}</var>
<var>${height}</var>
<arg>${size}</arg>
<arg>separator=x</arg>
<arg>max_split=1</arg>
<doc>Splits the ``string`` using ``separator`` as a delimiter string.</doc>
<status status="NOT RUN" starttime="20221222 09:28:18.284" endtime="20221222 09:28:18.284"/>
</kw>
<kw name="Set Window Size" library="SeleniumLibrary">
<arg>${width}</arg>
<arg>${height}</arg>
<doc>Sets current windows size to given ``width`` and ``height``.</doc>
<status status="NOT RUN" starttime="20221222 09:28:18.284" endtime="20221222 09:28:18.284"/>
</kw>
<kw name="Set Selenium Speed" library="SeleniumLibrary">
<arg>${SELENIUM_SPEED}</arg>
<doc>Sets the delay that is waited after each Selenium command.</doc>
<status status="NOT RUN" starttime="20221222 09:28:18.284" endtime="20221222 09:28:18.284"/>
</kw>
<kw name="Log Browser Capabilities" library="cumulusci.robotframework.Salesforce">
<doc>Logs all of the browser capabilities as reported by selenium</doc>
<status status="NOT RUN" starttime="20221222 09:28:18.284" endtime="20221222 09:28:18.284"/>
</kw>
<status status="FAIL" starttime="20221222 09:28:18.275" endtime="20221222 09:28:18.284"/>
</kw>
<test id="s1-s2-s1-s3-t1" name="Create Secondary Affiliation for Contact" line="9">
<status status="FAIL" starttime="20221222 09:28:18.284" endtime="20221222 09:28:18.285">Parent suite setup failed:
WebDriverException: Message: 'chromedriver' executable needs to be in PATH. Please see https://sites.google.com/a/chromium.org/chromedriver/home
</status>
</test>
<kw name="Delete Records and Close Browser" library="Salesforce" type="TEARDOWN">
<doc>This will close all open browser windows and then delete
all records that were created with the Salesforce API during
this testing session.</doc>
<kw name="Close All Browsers" library="SeleniumLibrary">
<doc>Closes all open browsers and resets the browser cache.</doc>
<status status="PASS" starttime="20221222 09:28:18.288" endtime="20221222 09:28:18.288"/>
</kw>
<kw name="Delete Session Records" library="cumulusci.robotframework.SalesforceAPI">
<doc>Deletes records that were created while running this test case.</doc>
<msg timestamp="20221222 09:28:18.289" level="INFO">Deleting 0 records</msg>
<status status="PASS" starttime="20221222 09:28:18.289" endtime="20221222 09:28:18.289"/>
</kw>
<status status="PASS" starttime="20221222 09:28:18.288" endtime="20221222 09:28:18.289"/>
</kw>
<status status="FAIL" starttime="20221222 09:28:18.258" endtime="20221222 09:28:18.289">Suite setup failed:
WebDriverException: Message: 'chromedriver' executable needs to be in PATH. Please see https://sites.google.com/a/chromium.org/chromedriver/home
</status>
</suite>
<suite id="s1-s2-s1-s4" name="Remove Primary Affiliation" source="C:\Users\Marina Ros\Documents\GitHub\Food-Bank-Implementation\.cci\projects\NPSP\6298722fdb7929c0c8d4d635aed54ef1c8193ca1\robot\Cumulus\tests\browser\affiliations\remove_primary_affiliation.robot">
<kw name="Open Test Browser" library="Salesforce" type="SETUP">
<doc>Opens a test browser to the org.</doc>
<kw name="Run Keyword If" library="BuiltIn">
<var>${login_url}</var>
<arg>$useralias</arg>
<arg>Login URL</arg>
<arg>alias=${useralias}</arg>
<arg>ELSE</arg>
<arg>Login URL</arg>
<doc>Runs the given keyword with the given arguments, if ``condition`` is true.</doc>
<kw name="Login Url" library="cumulusci.robotframework.CumulusCI">
<doc>Returns the login url which will automatically log into the target
Salesforce org.  By default, the org_name passed to the library
constructor is used but this can be overridden with the org option
to log into a different org.</doc>
<status status="PASS" starttime="20221222 09:28:18.308" endtime="20221222 09:28:18.308"/>
</kw>
<msg timestamp="20221222 09:28:18.308" level="INFO">${login_url} = https://computing-platform-240-dev-ed.scratch.my.salesforce.com/secur/frontdoor.jsp?sid=00D8H0000004iJ9!ARcAQJXqHRf7Z7HVq1w.HkNjHTJNnllL0jOM2Nd4B9ZVPSNOshF0xE0YBGQNZZ8LwGWzPsKdUG0Y.KtlIIoAN7bJRg9zvRrP</msg>
<status status="PASS" starttime="20221222 09:28:18.307" endtime="20221222 09:28:18.308"/>
</kw>
<kw name="Run Keyword If" library="BuiltIn">
<arg>'${BROWSER}' == 'chrome'</arg>
<arg>Open Test Browser Chrome</arg>
<arg>${login_url}</arg>
<arg>alias=${alias}</arg>
<arg>ELSE IF</arg>
<arg>'${BROWSER}' == 'firefox'</arg>
<arg>Open Test Browser Firefox</arg>
<arg>${login_url}</arg>
<arg>alias=${alias}</arg>
<arg>ELSE IF</arg>
<arg>'${BROWSER}' == 'headlesschrome'</arg>
<arg>Open Test Browser Chrome</arg>
<arg>${login_url}</arg>
<arg>alias=${alias}</arg>
<arg>ELSE IF</arg>
<arg>'${BROWSER}' == 'headlessfirefox'</arg>
<arg>Open Test Browser Headless Firefox</arg>
<arg>${login_url}</arg>
<arg>alias=${alias}</arg>
<arg>ELSE</arg>
<arg>Open Browser</arg>
<arg>${login_url}</arg>
<arg>${BROWSER}</arg>
<arg>alias=${alias}</arg>
<doc>Runs the given keyword with the given arguments, if ``condition`` is true.</doc>
<kw name="Open Test Browser Chrome" library="Salesforce">
<arg>${login_url}</arg>
<arg>alias=${alias}</arg>
<doc>Opens a Chrome browser window and navigates to the org
This keyword isn't normally called directly by a test. It is used
by the `Open Test Browser` keyword.</doc>
<kw name="Get Chrome Options" library="Salesforce">
<var>${options}</var>
<doc>Returns a dictionary of chrome options, for use by the keyword `Open Test Browser`.</doc>
<kw name="Evaluate" library="BuiltIn">
<var>${options}</var>
<arg>selenium.webdriver.ChromeOptions()</arg>
<arg>modules=selenium</arg>
<doc>Evaluates the given expression in Python and returns the result.</doc>
<msg timestamp="20221222 09:28:18.309" level="INFO">${options} = &lt;selenium.webdriver.chrome.options.Options object at 0x00000247C5491E10&gt;</msg>
<status status="PASS" starttime="20221222 09:28:18.309" endtime="20221222 09:28:18.309"/>
</kw>
<kw name="Run Keyword If" library="BuiltIn">
<arg>'${BROWSER}' == 'headlesschrome'</arg>
<arg>Chrome Set Headless</arg>
<arg>${options}</arg>
<doc>Runs the given keyword with the given arguments, if ``condition`` is true.</doc>
<status status="PASS" starttime="20221222 09:28:18.309" endtime="20221222 09:28:18.310"/>
</kw>
<kw name="Run Keyword If" library="BuiltIn">
<arg>'${CHROME_BINARY}' != '${empty}'</arg>
<arg>Chrome Set Binary</arg>
<arg>${options}</arg>
<doc>Runs the given keyword with the given arguments, if ``condition`` is true.</doc>
<status status="PASS" starttime="20221222 09:28:18.310" endtime="20221222 09:28:18.310"/>
</kw>
<kw name="Call Method" library="BuiltIn">
<arg>${options}</arg>
<arg>add_argument</arg>
<arg>--disable-notifications</arg>
<doc>Calls the named method of the given object with the provided arguments.</doc>
<status status="PASS" starttime="20221222 09:28:18.310" endtime="20221222 09:28:18.310"/>
</kw>
<msg timestamp="20221222 09:28:18.311" level="INFO">${options} = &lt;selenium.webdriver.chrome.options.Options object at 0x00000247C5491E10&gt;</msg>
<status status="PASS" starttime="20221222 09:28:18.309" endtime="20221222 09:28:18.311"/>
</kw>
<kw name="Create Webdriver With Retry" library="cumulusci.robotframework.Salesforce">
<arg>Chrome</arg>
<arg>options=${options}</arg>
<arg>alias=${alias}</arg>
<doc>Call the Create Webdriver keyword.</doc>
<msg timestamp="20221222 09:28:18.311" level="INFO">Creating an instance of the Chrome WebDriver.</msg>
<msg timestamp="20221222 09:28:18.312" level="FAIL">WebDriverException: Message: 'chromedriver' executable needs to be in PATH. Please see https://sites.google.com/a/chromium.org/chromedriver/home
</msg>
<status status="FAIL" starttime="20221222 09:28:18.311" endtime="20221222 09:28:18.313"/>
</kw>
<kw name="Set Selenium Implicit Wait" library="SeleniumLibrary">
<arg>${IMPLICIT_WAIT}</arg>
<doc>Sets the implicit wait value used by Selenium.</doc>
<status status="NOT RUN" starttime="20221222 09:28:18.313" endtime="20221222 09:28:18.313"/>
</kw>
<kw name="Set Selenium Timeout" library="SeleniumLibrary">
<arg>${TIMEOUT}</arg>
<doc>Sets the timeout that is used by various keywords.</doc>
<status status="NOT RUN" starttime="20221222 09:28:18.313" endtime="20221222 09:28:18.313"/>
</kw>
<kw name="Go To" library="SeleniumLibrary">
<arg>${login_url}</arg>
<doc>Navigates the current browser window to the provided ``url``.</doc>
<status status="NOT RUN" starttime="20221222 09:28:18.313" endtime="20221222 09:28:18.313"/>
</kw>
<status status="FAIL" starttime="20221222 09:28:18.309" endtime="20221222 09:28:18.313"/>
</kw>
<status status="FAIL" starttime="20221222 09:28:18.308" endtime="20221222 09:28:18.313"/>
</kw>
<kw name="Convert To Boolean" library="BuiltIn">
<var>${should_wait}</var>
<arg>${wait}</arg>
<doc>Converts the given item to Boolean true or false.</doc>
<status status="NOT RUN" starttime="20221222 09:28:18.313" endtime="20221222 09:28:18.313"/>
</kw>
<kw name="Run Keyword If" library="BuiltIn">
<arg>$should_wait</arg>
<arg>Wait Until Salesforce Is Ready</arg>
<arg>timeout=180</arg>
<doc>Runs the given keyword with the given arguments, if ``condition`` is true.</doc>
<status status="NOT RUN" starttime="20221222 09:28:18.313" endtime="20221222 09:28:18.313"/>
</kw>
<kw name="Set Selenium Timeout" library="SeleniumLibrary">
<arg>${TIMEOUT}</arg>
<doc>Sets the timeout that is used by various keywords.</doc>
<status status="NOT RUN" starttime="20221222 09:28:18.314" endtime="20221222 09:28:18.314"/>
</kw>
<kw name="Initialize Location Strategies" library="cumulusci.robotframework.Salesforce">
<doc>Initialize the Salesforce custom location strategies</doc>
<status status="NOT RUN" starttime="20221222 09:28:18.314" endtime="20221222 09:28:18.314"/>
</kw>
<kw name="Split String" library="String">
<var>${width}</var>
<var>${height}</var>
<arg>${size}</arg>
<arg>separator=x</arg>
<arg>max_split=1</arg>
<doc>Splits the ``string`` using ``separator`` as a delimiter string.</doc>
<status status="NOT RUN" starttime="20221222 09:28:18.314" endtime="20221222 09:28:18.314"/>
</kw>
<kw name="Set Window Size" library="SeleniumLibrary">
<arg>${width}</arg>
<arg>${height}</arg>
<doc>Sets current windows size to given ``width`` and ``height``.</doc>
<status status="NOT RUN" starttime="20221222 09:28:18.314" endtime="20221222 09:28:18.314"/>
</kw>
<kw name="Set Selenium Speed" library="SeleniumLibrary">
<arg>${SELENIUM_SPEED}</arg>
<doc>Sets the delay that is waited after each Selenium command.</doc>
<status status="NOT RUN" starttime="20221222 09:28:18.314" endtime="20221222 09:28:18.314"/>
</kw>
<kw name="Log Browser Capabilities" library="cumulusci.robotframework.Salesforce">
<doc>Logs all of the browser capabilities as reported by selenium</doc>
<status status="NOT RUN" starttime="20221222 09:28:18.314" endtime="20221222 09:28:18.314"/>
</kw>
<status status="FAIL" starttime="20221222 09:28:18.307" endtime="20221222 09:28:18.314"/>
</kw>
<test id="s1-s2-s1-s4-t1" name="Remove Primary Affiliation for Contact" line="9">
<status status="FAIL" starttime="20221222 09:28:18.314" endtime="20221222 09:28:18.315">Parent suite setup failed:
WebDriverException: Message: 'chromedriver' executable needs to be in PATH. Please see https://sites.google.com/a/chromium.org/chromedriver/home
</status>
</test>
<test id="s1-s2-s1-s4-t2" name="Remove Primary Affiliation for Contact2" line="25">
<tag>unstable</tag>
<status status="FAIL" starttime="20221222 09:28:18.319" endtime="20221222 09:28:18.320">Parent suite setup failed:
WebDriverException: Message: 'chromedriver' executable needs to be in PATH. Please see https://sites.google.com/a/chromium.org/chromedriver/home
</status>
</test>
<kw name="Delete Records and Close Browser" library="Salesforce" type="TEARDOWN">
<doc>This will close all open browser windows and then delete
all records that were created with the Salesforce API during
this testing session.</doc>
<kw name="Close All Browsers" library="SeleniumLibrary">
<doc>Closes all open browsers and resets the browser cache.</doc>
<status status="PASS" starttime="20221222 09:28:18.323" endtime="20221222 09:28:18.323"/>
</kw>
<kw name="Delete Session Records" library="cumulusci.robotframework.SalesforceAPI">
<doc>Deletes records that were created while running this test case.</doc>
<msg timestamp="20221222 09:28:18.323" level="INFO">Deleting 0 records</msg>
<status status="PASS" starttime="20221222 09:28:18.323" endtime="20221222 09:28:18.323"/>
</kw>
<status status="PASS" starttime="20221222 09:28:18.323" endtime="20221222 09:28:18.323"/>
</kw>
<status status="FAIL" starttime="20221222 09:28:18.292" endtime="20221222 09:28:18.323">Suite setup failed:
WebDriverException: Message: 'chromedriver' executable needs to be in PATH. Please see https://sites.google.com/a/chromium.org/chromedriver/home
</status>
</suite>
<suite id="s1-s2-s1-s5" name="Remove Secondary Affiliation" source="C:\Users\Marina Ros\Documents\GitHub\Food-Bank-Implementation\.cci\projects\NPSP\6298722fdb7929c0c8d4d635aed54ef1c8193ca1\robot\Cumulus\tests\browser\affiliations\remove_secondary_affiliation.robot">
<kw name="Open Test Browser" library="Salesforce" type="SETUP">
<doc>Opens a test browser to the org.</doc>
<kw name="Run Keyword If" library="BuiltIn">
<var>${login_url}</var>
<arg>$useralias</arg>
<arg>Login URL</arg>
<arg>alias=${useralias}</arg>
<arg>ELSE</arg>
<arg>Login URL</arg>
<doc>Runs the given keyword with the given arguments, if ``condition`` is true.</doc>
<kw name="Login Url" library="cumulusci.robotframework.CumulusCI">
<doc>Returns the login url which will automatically log into the target
Salesforce org.  By default, the org_name passed to the library
constructor is used but this can be overridden with the org option
to log into a different org.</doc>
<status status="PASS" starttime="20221222 09:28:18.344" endtime="20221222 09:28:18.344"/>
</kw>
<msg timestamp="20221222 09:28:18.344" level="INFO">${login_url} = https://computing-platform-240-dev-ed.scratch.my.salesforce.com/secur/frontdoor.jsp?sid=00D8H0000004iJ9!ARcAQJXqHRf7Z7HVq1w.HkNjHTJNnllL0jOM2Nd4B9ZVPSNOshF0xE0YBGQNZZ8LwGWzPsKdUG0Y.KtlIIoAN7bJRg9zvRrP</msg>
<status status="PASS" starttime="20221222 09:28:18.344" endtime="20221222 09:28:18.344"/>
</kw>
<kw name="Run Keyword If" library="BuiltIn">
<arg>'${BROWSER}' == 'chrome'</arg>
<arg>Open Test Browser Chrome</arg>
<arg>${login_url}</arg>
<arg>alias=${alias}</arg>
<arg>ELSE IF</arg>
<arg>'${BROWSER}' == 'firefox'</arg>
<arg>Open Test Browser Firefox</arg>
<arg>${login_url}</arg>
<arg>alias=${alias}</arg>
<arg>ELSE IF</arg>
<arg>'${BROWSER}' == 'headlesschrome'</arg>
<arg>Open Test Browser Chrome</arg>
<arg>${login_url}</arg>
<arg>alias=${alias}</arg>
<arg>ELSE IF</arg>
<arg>'${BROWSER}' == 'headlessfirefox'</arg>
<arg>Open Test Browser Headless Firefox</arg>
<arg>${login_url}</arg>
<arg>alias=${alias}</arg>
<arg>ELSE</arg>
<arg>Open Browser</arg>
<arg>${login_url}</arg>
<arg>${BROWSER}</arg>
<arg>alias=${alias}</arg>
<doc>Runs the given keyword with the given arguments, if ``condition`` is true.</doc>
<kw name="Open Test Browser Chrome" library="Salesforce">
<arg>${login_url}</arg>
<arg>alias=${alias}</arg>
<doc>Opens a Chrome browser window and navigates to the org
This keyword isn't normally called directly by a test. It is used
by the `Open Test Browser` keyword.</doc>
<kw name="Get Chrome Options" library="Salesforce">
<var>${options}</var>
<doc>Returns a dictionary of chrome options, for use by the keyword `Open Test Browser`.</doc>
<kw name="Evaluate" library="BuiltIn">
<var>${options}</var>
<arg>selenium.webdriver.ChromeOptions()</arg>
<arg>modules=selenium</arg>
<doc>Evaluates the given expression in Python and returns the result.</doc>
<msg timestamp="20221222 09:28:18.345" level="INFO">${options} = &lt;selenium.webdriver.chrome.options.Options object at 0x00000247C5491CF0&gt;</msg>
<status status="PASS" starttime="20221222 09:28:18.345" endtime="20221222 09:28:18.345"/>
</kw>
<kw name="Run Keyword If" library="BuiltIn">
<arg>'${BROWSER}' == 'headlesschrome'</arg>
<arg>Chrome Set Headless</arg>
<arg>${options}</arg>
<doc>Runs the given keyword with the given arguments, if ``condition`` is true.</doc>
<status status="PASS" starttime="20221222 09:28:18.346" endtime="20221222 09:28:18.346"/>
</kw>
<kw name="Run Keyword If" library="BuiltIn">
<arg>'${CHROME_BINARY}' != '${empty}'</arg>
<arg>Chrome Set Binary</arg>
<arg>${options}</arg>
<doc>Runs the given keyword with the given arguments, if ``condition`` is true.</doc>
<status status="PASS" starttime="20221222 09:28:18.346" endtime="20221222 09:28:18.346"/>
</kw>
<kw name="Call Method" library="BuiltIn">
<arg>${options}</arg>
<arg>add_argument</arg>
<arg>--disable-notifications</arg>
<doc>Calls the named method of the given object with the provided arguments.</doc>
<status status="PASS" starttime="20221222 09:28:18.346" endtime="20221222 09:28:18.347"/>
</kw>
<msg timestamp="20221222 09:28:18.347" level="INFO">${options} = &lt;selenium.webdriver.chrome.options.Options object at 0x00000247C5491CF0&gt;</msg>
<status status="PASS" starttime="20221222 09:28:18.345" endtime="20221222 09:28:18.347"/>
</kw>
<kw name="Create Webdriver With Retry" library="cumulusci.robotframework.Salesforce">
<arg>Chrome</arg>
<arg>options=${options}</arg>
<arg>alias=${alias}</arg>
<doc>Call the Create Webdriver keyword.</doc>
<msg timestamp="20221222 09:28:18.347" level="INFO">Creating an instance of the Chrome WebDriver.</msg>
<msg timestamp="20221222 09:28:18.349" level="FAIL">WebDriverException: Message: 'chromedriver' executable needs to be in PATH. Please see https://sites.google.com/a/chromium.org/chromedriver/home
</msg>
<status status="FAIL" starttime="20221222 09:28:18.347" endtime="20221222 09:28:18.349"/>
</kw>
<kw name="Set Selenium Implicit Wait" library="SeleniumLibrary">
<arg>${IMPLICIT_WAIT}</arg>
<doc>Sets the implicit wait value used by Selenium.</doc>
<status status="NOT RUN" starttime="20221222 09:28:18.349" endtime="20221222 09:28:18.349"/>
</kw>
<kw name="Set Selenium Timeout" library="SeleniumLibrary">
<arg>${TIMEOUT}</arg>
<doc>Sets the timeout that is used by various keywords.</doc>
<status status="NOT RUN" starttime="20221222 09:28:18.349" endtime="20221222 09:28:18.349"/>
</kw>
<kw name="Go To" library="SeleniumLibrary">
<arg>${login_url}</arg>
<doc>Navigates the current browser window to the provided ``url``.</doc>
<status status="NOT RUN" starttime="20221222 09:28:18.349" endtime="20221222 09:28:18.350"/>
</kw>
<status status="FAIL" starttime="20221222 09:28:18.345" endtime="20221222 09:28:18.350"/>
</kw>
<status status="FAIL" starttime="20221222 09:28:18.344" endtime="20221222 09:28:18.350"/>
</kw>
<kw name="Convert To Boolean" library="BuiltIn">
<var>${should_wait}</var>
<arg>${wait}</arg>
<doc>Converts the given item to Boolean true or false.</doc>
<status status="NOT RUN" starttime="20221222 09:28:18.350" endtime="20221222 09:28:18.350"/>
</kw>
<kw name="Run Keyword If" library="BuiltIn">
<arg>$should_wait</arg>
<arg>Wait Until Salesforce Is Ready</arg>
<arg>timeout=180</arg>
<doc>Runs the given keyword with the given arguments, if ``condition`` is true.</doc>
<status status="NOT RUN" starttime="20221222 09:28:18.350" endtime="20221222 09:28:18.350"/>
</kw>
<kw name="Set Selenium Timeout" library="SeleniumLibrary">
<arg>${TIMEOUT}</arg>
<doc>Sets the timeout that is used by various keywords.</doc>
<status status="NOT RUN" starttime="20221222 09:28:18.350" endtime="20221222 09:28:18.350"/>
</kw>
<kw name="Initialize Location Strategies" library="cumulusci.robotframework.Salesforce">
<doc>Initialize the Salesforce custom location strategies</doc>
<status status="NOT RUN" starttime="20221222 09:28:18.350" endtime="20221222 09:28:18.350"/>
</kw>
<kw name="Split String" library="String">
<var>${width}</var>
<var>${height}</var>
<arg>${size}</arg>
<arg>separator=x</arg>
<arg>max_split=1</arg>
<doc>Splits the ``string`` using ``separator`` as a delimiter string.</doc>
<status status="NOT RUN" starttime="20221222 09:28:18.350" endtime="20221222 09:28:18.350"/>
</kw>
<kw name="Set Window Size" library="SeleniumLibrary">
<arg>${width}</arg>
<arg>${height}</arg>
<doc>Sets current windows size to given ``width`` and ``height``.</doc>
<status status="NOT RUN" starttime="20221222 09:28:18.350" endtime="20221222 09:28:18.351"/>
</kw>
<kw name="Set Selenium Speed" library="SeleniumLibrary">
<arg>${SELENIUM_SPEED}</arg>
<doc>Sets the delay that is waited after each Selenium command.</doc>
<status status="NOT RUN" starttime="20221222 09:28:18.351" endtime="20221222 09:28:18.351"/>
</kw>
<kw name="Log Browser Capabilities" library="cumulusci.robotframework.Salesforce">
<doc>Logs all of the browser capabilities as reported by selenium</doc>
<status status="NOT RUN" starttime="20221222 09:28:18.351" endtime="20221222 09:28:18.351"/>
</kw>
<status status="FAIL" starttime="20221222 09:28:18.343" endtime="20221222 09:28:18.351"/>
</kw>
<test id="s1-s2-s1-s5-t1" name="Remove Secondary Affiliation for Contact" line="9">
<status status="FAIL" starttime="20221222 09:28:18.351" endtime="20221222 09:28:18.352">Parent suite setup failed:
WebDriverException: Message: 'chromedriver' executable needs to be in PATH. Please see https://sites.google.com/a/chromium.org/chromedriver/home
</status>
</test>
<kw name="Delete Records and Close Browser" library="Salesforce" type="TEARDOWN">
<doc>This will close all open browser windows and then delete
all records that were created with the Salesforce API during
this testing session.</doc>
<kw name="Close All Browsers" library="SeleniumLibrary">
<doc>Closes all open browsers and resets the browser cache.</doc>
<status status="PASS" starttime="20221222 09:28:18.355" endtime="20221222 09:28:18.355"/>
</kw>
<kw name="Delete Session Records" library="cumulusci.robotframework.SalesforceAPI">
<doc>Deletes records that were created while running this test case.</doc>
<msg timestamp="20221222 09:28:18.355" level="INFO">Deleting 0 records</msg>
<status status="PASS" starttime="20221222 09:28:18.355" endtime="20221222 09:28:18.355"/>
</kw>
<status status="PASS" starttime="20221222 09:28:18.355" endtime="20221222 09:28:18.355"/>
</kw>
<status status="FAIL" starttime="20221222 09:28:18.327" endtime="20221222 09:28:18.356">Suite setup failed:
WebDriverException: Message: 'chromedriver' executable needs to be in PATH. Please see https://sites.google.com/a/chromium.org/chromedriver/home
</status>
</suite>
<status status="FAIL" starttime="20221222 09:28:18.155" endtime="20221222 09:28:18.359"/>
</suite>
<suite id="s1-s2-s2" name="Automated Soft Credits" source="C:\Users\Marina Ros\Documents\GitHub\Food-Bank-Implementation\.cci\projects\NPSP\6298722fdb7929c0c8d4d635aed54ef1c8193ca1\robot\Cumulus\tests\browser\automated_soft_credits">
<suite id="s1-s2-s2-s1" name="Asc Affiliations" source="C:\Users\Marina Ros\Documents\GitHub\Food-Bank-Implementation\.cci\projects\NPSP\6298722fdb7929c0c8d4d635aed54ef1c8193ca1\robot\Cumulus\tests\browser\automated_soft_credits\asc_affiliations.robot">
<kw name="Open Test Browser" library="Salesforce" type="SETUP">
<doc>Opens a test browser to the org.</doc>
<kw name="Run Keyword If" library="BuiltIn">
<var>${login_url}</var>
<arg>$useralias</arg>
<arg>Login URL</arg>
<arg>alias=${useralias}</arg>
<arg>ELSE</arg>
<arg>Login URL</arg>
<doc>Runs the given keyword with the given arguments, if ``condition`` is true.</doc>
<kw name="Login Url" library="cumulusci.robotframework.CumulusCI">
<doc>Returns the login url which will automatically log into the target
Salesforce org.  By default, the org_name passed to the library
constructor is used but this can be overridden with the org option
to log into a different org.</doc>
<status status="PASS" starttime="20221222 09:28:18.382" endtime="20221222 09:28:18.382"/>
</kw>
<msg timestamp="20221222 09:28:18.382" level="INFO">${login_url} = https://computing-platform-240-dev-ed.scratch.my.salesforce.com/secur/frontdoor.jsp?sid=00D8H0000004iJ9!ARcAQJXqHRf7Z7HVq1w.HkNjHTJNnllL0jOM2Nd4B9ZVPSNOshF0xE0YBGQNZZ8LwGWzPsKdUG0Y.KtlIIoAN7bJRg9zvRrP</msg>
<status status="PASS" starttime="20221222 09:28:18.382" endtime="20221222 09:28:18.382"/>
</kw>
<kw name="Run Keyword If" library="BuiltIn">
<arg>'${BROWSER}' == 'chrome'</arg>
<arg>Open Test Browser Chrome</arg>
<arg>${login_url}</arg>
<arg>alias=${alias}</arg>
<arg>ELSE IF</arg>
<arg>'${BROWSER}' == 'firefox'</arg>
<arg>Open Test Browser Firefox</arg>
<arg>${login_url}</arg>
<arg>alias=${alias}</arg>
<arg>ELSE IF</arg>
<arg>'${BROWSER}' == 'headlesschrome'</arg>
<arg>Open Test Browser Chrome</arg>
<arg>${login_url}</arg>
<arg>alias=${alias}</arg>
<arg>ELSE IF</arg>
<arg>'${BROWSER}' == 'headlessfirefox'</arg>
<arg>Open Test Browser Headless Firefox</arg>
<arg>${login_url}</arg>
<arg>alias=${alias}</arg>
<arg>ELSE</arg>
<arg>Open Browser</arg>
<arg>${login_url}</arg>
<arg>${BROWSER}</arg>
<arg>alias=${alias}</arg>
<doc>Runs the given keyword with the given arguments, if ``condition`` is true.</doc>
<kw name="Open Test Browser Chrome" library="Salesforce">
<arg>${login_url}</arg>
<arg>alias=${alias}</arg>
<doc>Opens a Chrome browser window and navigates to the org
This keyword isn't normally called directly by a test. It is used
by the `Open Test Browser` keyword.</doc>
<kw name="Get Chrome Options" library="Salesforce">
<var>${options}</var>
<doc>Returns a dictionary of chrome options, for use by the keyword `Open Test Browser`.</doc>
<kw name="Evaluate" library="BuiltIn">
<var>${options}</var>
<arg>selenium.webdriver.ChromeOptions()</arg>
<arg>modules=selenium</arg>
<doc>Evaluates the given expression in Python and returns the result.</doc>
<msg timestamp="20221222 09:28:18.385" level="INFO">${options} = &lt;selenium.webdriver.chrome.options.Options object at 0x00000247C5491480&gt;</msg>
<status status="PASS" starttime="20221222 09:28:18.384" endtime="20221222 09:28:18.385"/>
</kw>
<kw name="Run Keyword If" library="BuiltIn">
<arg>'${BROWSER}' == 'headlesschrome'</arg>
<arg>Chrome Set Headless</arg>
<arg>${options}</arg>
<doc>Runs the given keyword with the given arguments, if ``condition`` is true.</doc>
<status status="PASS" starttime="20221222 09:28:18.385" endtime="20221222 09:28:18.385"/>
</kw>
<kw name="Run Keyword If" library="BuiltIn">
<arg>'${CHROME_BINARY}' != '${empty}'</arg>
<arg>Chrome Set Binary</arg>
<arg>${options}</arg>
<doc>Runs the given keyword with the given arguments, if ``condition`` is true.</doc>
<status status="PASS" starttime="20221222 09:28:18.385" endtime="20221222 09:28:18.386"/>
</kw>
<kw name="Call Method" library="BuiltIn">
<arg>${options}</arg>
<arg>add_argument</arg>
<arg>--disable-notifications</arg>
<doc>Calls the named method of the given object with the provided arguments.</doc>
<status status="PASS" starttime="20221222 09:28:18.386" endtime="20221222 09:28:18.386"/>
</kw>
<msg timestamp="20221222 09:28:18.386" level="INFO">${options} = &lt;selenium.webdriver.chrome.options.Options object at 0x00000247C5491480&gt;</msg>
<status status="PASS" starttime="20221222 09:28:18.384" endtime="20221222 09:28:18.386"/>
</kw>
<kw name="Create Webdriver With Retry" library="cumulusci.robotframework.Salesforce">
<arg>Chrome</arg>
<arg>options=${options}</arg>
<arg>alias=${alias}</arg>
<doc>Call the Create Webdriver keyword.</doc>
<msg timestamp="20221222 09:28:18.387" level="INFO">Creating an instance of the Chrome WebDriver.</msg>
<msg timestamp="20221222 09:28:18.388" level="FAIL">WebDriverException: Message: 'chromedriver' executable needs to be in PATH. Please see https://sites.google.com/a/chromium.org/chromedriver/home
</msg>
<status status="FAIL" starttime="20221222 09:28:18.386" endtime="20221222 09:28:18.388"/>
</kw>
<kw name="Set Selenium Implicit Wait" library="SeleniumLibrary">
<arg>${IMPLICIT_WAIT}</arg>
<doc>Sets the implicit wait value used by Selenium.</doc>
<status status="NOT RUN" starttime="20221222 09:28:18.388" endtime="20221222 09:28:18.388"/>
</kw>
<kw name="Set Selenium Timeout" library="SeleniumLibrary">
<arg>${TIMEOUT}</arg>
<doc>Sets the timeout that is used by various keywords.</doc>
<status status="NOT RUN" starttime="20221222 09:28:18.389" endtime="20221222 09:28:18.389"/>
</kw>
<kw name="Go To" library="SeleniumLibrary">
<arg>${login_url}</arg>
<doc>Navigates the current browser window to the provided ``url``.</doc>
<status status="NOT RUN" starttime="20221222 09:28:18.389" endtime="20221222 09:28:18.389"/>
</kw>
<status status="FAIL" starttime="20221222 09:28:18.383" endtime="20221222 09:28:18.389"/>
</kw>
<status status="FAIL" starttime="20221222 09:28:18.382" endtime="20221222 09:28:18.389"/>
</kw>
<kw name="Convert To Boolean" library="BuiltIn">
<var>${should_wait}</var>
<arg>${wait}</arg>
<doc>Converts the given item to Boolean true or false.</doc>
<status status="NOT RUN" starttime="20221222 09:28:18.389" endtime="20221222 09:28:18.389"/>
</kw>
<kw name="Run Keyword If" library="BuiltIn">
<arg>$should_wait</arg>
<arg>Wait Until Salesforce Is Ready</arg>
<arg>timeout=180</arg>
<doc>Runs the given keyword with the given arguments, if ``condition`` is true.</doc>
<status status="NOT RUN" starttime="20221222 09:28:18.389" endtime="20221222 09:28:18.389"/>
</kw>
<kw name="Set Selenium Timeout" library="SeleniumLibrary">
<arg>${TIMEOUT}</arg>
<doc>Sets the timeout that is used by various keywords.</doc>
<status status="NOT RUN" starttime="20221222 09:28:18.389" endtime="20221222 09:28:18.389"/>
</kw>
<kw name="Initialize Location Strategies" library="cumulusci.robotframework.Salesforce">
<doc>Initialize the Salesforce custom location strategies</doc>
<status status="NOT RUN" starttime="20221222 09:28:18.389" endtime="20221222 09:28:18.389"/>
</kw>
<kw name="Split String" library="String">
<var>${width}</var>
<var>${height}</var>
<arg>${size}</arg>
<arg>separator=x</arg>
<arg>max_split=1</arg>
<doc>Splits the ``string`` using ``separator`` as a delimiter string.</doc>
<status status="NOT RUN" starttime="20221222 09:28:18.389" endtime="20221222 09:28:18.390"/>
</kw>
<kw name="Set Window Size" library="SeleniumLibrary">
<arg>${width}</arg>
<arg>${height}</arg>
<doc>Sets current windows size to given ``width`` and ``height``.</doc>
<status status="NOT RUN" starttime="20221222 09:28:18.390" endtime="20221222 09:28:18.390"/>
</kw>
<kw name="Set Selenium Speed" library="SeleniumLibrary">
<arg>${SELENIUM_SPEED}</arg>
<doc>Sets the delay that is waited after each Selenium command.</doc>
<status status="NOT RUN" starttime="20221222 09:28:18.390" endtime="20221222 09:28:18.390"/>
</kw>
<kw name="Log Browser Capabilities" library="cumulusci.robotframework.Salesforce">
<doc>Logs all of the browser capabilities as reported by selenium</doc>
<status status="NOT RUN" starttime="20221222 09:28:18.390" endtime="20221222 09:28:18.390"/>
</kw>
<status status="FAIL" starttime="20221222 09:28:18.381" endtime="20221222 09:28:18.390"/>
</kw>
<test id="s1-s2-s2-s1-t1" name="Create ASC for Affiliated Contact" line="9">
<tag>unstable</tag>
<status status="FAIL" starttime="20221222 09:28:18.390" endtime="20221222 09:28:18.391">Parent suite setup failed:
WebDriverException: Message: 'chromedriver' executable needs to be in PATH. Please see https://sites.google.com/a/chromium.org/chromedriver/home
</status>
</test>
<kw name="Delete Records and Close Browser" library="Salesforce" type="TEARDOWN">
<doc>This will close all open browser windows and then delete
all records that were created with the Salesforce API during
this testing session.</doc>
<kw name="Close All Browsers" library="SeleniumLibrary">
<doc>Closes all open browsers and resets the browser cache.</doc>
<status status="PASS" starttime="20221222 09:28:18.393" endtime="20221222 09:28:18.393"/>
</kw>
<kw name="Delete Session Records" library="cumulusci.robotframework.SalesforceAPI">
<doc>Deletes records that were created while running this test case.</doc>
<msg timestamp="20221222 09:28:18.393" level="INFO">Deleting 0 records</msg>
<status status="PASS" starttime="20221222 09:28:18.393" endtime="20221222 09:28:18.393"/>
</kw>
<status status="PASS" starttime="20221222 09:28:18.393" endtime="20221222 09:28:18.394"/>
</kw>
<status status="FAIL" starttime="20221222 09:28:18.365" endtime="20221222 09:28:18.394">Suite setup failed:
WebDriverException: Message: 'chromedriver' executable needs to be in PATH. Please see https://sites.google.com/a/chromium.org/chromedriver/home
</status>
</suite>
<suite id="s1-s2-s2-s2" name="Asc Primary And Affiliation" source="C:\Users\Marina Ros\Documents\GitHub\Food-Bank-Implementation\.cci\projects\NPSP\6298722fdb7929c0c8d4d635aed54ef1c8193ca1\robot\Cumulus\tests\browser\automated_soft_credits\asc_primary_and_affiliation.robot">
<kw name="Open Test Browser" library="Salesforce" type="SETUP">
<doc>Opens a test browser to the org.</doc>
<kw name="Run Keyword If" library="BuiltIn">
<var>${login_url}</var>
<arg>$useralias</arg>
<arg>Login URL</arg>
<arg>alias=${useralias}</arg>
<arg>ELSE</arg>
<arg>Login URL</arg>
<doc>Runs the given keyword with the given arguments, if ``condition`` is true.</doc>
<kw name="Login Url" library="cumulusci.robotframework.CumulusCI">
<doc>Returns the login url which will automatically log into the target
Salesforce org.  By default, the org_name passed to the library
constructor is used but this can be overridden with the org option
to log into a different org.</doc>
<status status="PASS" starttime="20221222 09:28:18.416" endtime="20221222 09:28:18.416"/>
</kw>
<msg timestamp="20221222 09:28:18.416" level="INFO">${login_url} = https://computing-platform-240-dev-ed.scratch.my.salesforce.com/secur/frontdoor.jsp?sid=00D8H0000004iJ9!ARcAQJXqHRf7Z7HVq1w.HkNjHTJNnllL0jOM2Nd4B9ZVPSNOshF0xE0YBGQNZZ8LwGWzPsKdUG0Y.KtlIIoAN7bJRg9zvRrP</msg>
<status status="PASS" starttime="20221222 09:28:18.415" endtime="20221222 09:28:18.416"/>
</kw>
<kw name="Run Keyword If" library="BuiltIn">
<arg>'${BROWSER}' == 'chrome'</arg>
<arg>Open Test Browser Chrome</arg>
<arg>${login_url}</arg>
<arg>alias=${alias}</arg>
<arg>ELSE IF</arg>
<arg>'${BROWSER}' == 'firefox'</arg>
<arg>Open Test Browser Firefox</arg>
<arg>${login_url}</arg>
<arg>alias=${alias}</arg>
<arg>ELSE IF</arg>
<arg>'${BROWSER}' == 'headlesschrome'</arg>
<arg>Open Test Browser Chrome</arg>
<arg>${login_url}</arg>
<arg>alias=${alias}</arg>
<arg>ELSE IF</arg>
<arg>'${BROWSER}' == 'headlessfirefox'</arg>
<arg>Open Test Browser Headless Firefox</arg>
<arg>${login_url}</arg>
<arg>alias=${alias}</arg>
<arg>ELSE</arg>
<arg>Open Browser</arg>
<arg>${login_url}</arg>
<arg>${BROWSER}</arg>
<arg>alias=${alias}</arg>
<doc>Runs the given keyword with the given arguments, if ``condition`` is true.</doc>
<kw name="Open Test Browser Chrome" library="Salesforce">
<arg>${login_url}</arg>
<arg>alias=${alias}</arg>
<doc>Opens a Chrome browser window and navigates to the org
This keyword isn't normally called directly by a test. It is used
by the `Open Test Browser` keyword.</doc>
<kw name="Get Chrome Options" library="Salesforce">
<var>${options}</var>
<doc>Returns a dictionary of chrome options, for use by the keyword `Open Test Browser`.</doc>
<kw name="Evaluate" library="BuiltIn">
<var>${options}</var>
<arg>selenium.webdriver.ChromeOptions()</arg>
<arg>modules=selenium</arg>
<doc>Evaluates the given expression in Python and returns the result.</doc>
<msg timestamp="20221222 09:28:18.418" level="INFO">${options} = &lt;selenium.webdriver.chrome.options.Options object at 0x00000247C5493190&gt;</msg>
<status status="PASS" starttime="20221222 09:28:18.417" endtime="20221222 09:28:18.418"/>
</kw>
<kw name="Run Keyword If" library="BuiltIn">
<arg>'${BROWSER}' == 'headlesschrome'</arg>
<arg>Chrome Set Headless</arg>
<arg>${options}</arg>
<doc>Runs the given keyword with the given arguments, if ``condition`` is true.</doc>
<status status="PASS" starttime="20221222 09:28:18.418" endtime="20221222 09:28:18.418"/>
</kw>
<kw name="Run Keyword If" library="BuiltIn">
<arg>'${CHROME_BINARY}' != '${empty}'</arg>
<arg>Chrome Set Binary</arg>
<arg>${options}</arg>
<doc>Runs the given keyword with the given arguments, if ``condition`` is true.</doc>
<status status="PASS" starttime="20221222 09:28:18.418" endtime="20221222 09:28:18.419"/>
</kw>
<kw name="Call Method" library="BuiltIn">
<arg>${options}</arg>
<arg>add_argument</arg>
<arg>--disable-notifications</arg>
<doc>Calls the named method of the given object with the provided arguments.</doc>
<status status="PASS" starttime="20221222 09:28:18.420" endtime="20221222 09:28:18.420"/>
</kw>
<msg timestamp="20221222 09:28:18.420" level="INFO">${options} = &lt;selenium.webdriver.chrome.options.Options object at 0x00000247C5493190&gt;</msg>
<status status="PASS" starttime="20221222 09:28:18.417" endtime="20221222 09:28:18.420"/>
</kw>
<kw name="Create Webdriver With Retry" library="cumulusci.robotframework.Salesforce">
<arg>Chrome</arg>
<arg>options=${options}</arg>
<arg>alias=${alias}</arg>
<doc>Call the Create Webdriver keyword.</doc>
<msg timestamp="20221222 09:28:18.421" level="INFO">Creating an instance of the Chrome WebDriver.</msg>
<msg timestamp="20221222 09:28:18.423" level="FAIL">WebDriverException: Message: 'chromedriver' executable needs to be in PATH. Please see https://sites.google.com/a/chromium.org/chromedriver/home
</msg>
<status status="FAIL" starttime="20221222 09:28:18.421" endtime="20221222 09:28:18.423"/>
</kw>
<kw name="Set Selenium Implicit Wait" library="SeleniumLibrary">
<arg>${IMPLICIT_WAIT}</arg>
<doc>Sets the implicit wait value used by Selenium.</doc>
<status status="NOT RUN" starttime="20221222 09:28:18.423" endtime="20221222 09:28:18.423"/>
</kw>
<kw name="Set Selenium Timeout" library="SeleniumLibrary">
<arg>${TIMEOUT}</arg>
<doc>Sets the timeout that is used by various keywords.</doc>
<status status="NOT RUN" starttime="20221222 09:28:18.424" endtime="20221222 09:28:18.424"/>
</kw>
<kw name="Go To" library="SeleniumLibrary">
<arg>${login_url}</arg>
<doc>Navigates the current browser window to the provided ``url``.</doc>
<status status="NOT RUN" starttime="20221222 09:28:18.424" endtime="20221222 09:28:18.424"/>
</kw>
<status status="FAIL" starttime="20221222 09:28:18.417" endtime="20221222 09:28:18.424"/>
</kw>
<status status="FAIL" starttime="20221222 09:28:18.416" endtime="20221222 09:28:18.424"/>
</kw>
<kw name="Convert To Boolean" library="BuiltIn">
<var>${should_wait}</var>
<arg>${wait}</arg>
<doc>Converts the given item to Boolean true or false.</doc>
<status status="NOT RUN" starttime="20221222 09:28:18.424" endtime="20221222 09:28:18.424"/>
</kw>
<kw name="Run Keyword If" library="BuiltIn">
<arg>$should_wait</arg>
<arg>Wait Until Salesforce Is Ready</arg>
<arg>timeout=180</arg>
<doc>Runs the given keyword with the given arguments, if ``condition`` is true.</doc>
<status status="NOT RUN" starttime="20221222 09:28:18.424" endtime="20221222 09:28:18.424"/>
</kw>
<kw name="Set Selenium Timeout" library="SeleniumLibrary">
<arg>${TIMEOUT}</arg>
<doc>Sets the timeout that is used by various keywords.</doc>
<status status="NOT RUN" starttime="20221222 09:28:18.424" endtime="20221222 09:28:18.424"/>
</kw>
<kw name="Initialize Location Strategies" library="cumulusci.robotframework.Salesforce">
<doc>Initialize the Salesforce custom location strategies</doc>
<status status="NOT RUN" starttime="20221222 09:28:18.424" endtime="20221222 09:28:18.424"/>
</kw>
<kw name="Split String" library="String">
<var>${width}</var>
<var>${height}</var>
<arg>${size}</arg>
<arg>separator=x</arg>
<arg>max_split=1</arg>
<doc>Splits the ``string`` using ``separator`` as a delimiter string.</doc>
<status status="NOT RUN" starttime="20221222 09:28:18.424" endtime="20221222 09:28:18.424"/>
</kw>
<kw name="Set Window Size" library="SeleniumLibrary">
<arg>${width}</arg>
<arg>${height}</arg>
<doc>Sets current windows size to given ``width`` and ``height``.</doc>
<status status="NOT RUN" starttime="20221222 09:28:18.425" endtime="20221222 09:28:18.425"/>
</kw>
<kw name="Set Selenium Speed" library="SeleniumLibrary">
<arg>${SELENIUM_SPEED}</arg>
<doc>Sets the delay that is waited after each Selenium command.</doc>
<status status="NOT RUN" starttime="20221222 09:28:18.425" endtime="20221222 09:28:18.425"/>
</kw>
<kw name="Log Browser Capabilities" library="cumulusci.robotframework.Salesforce">
<doc>Logs all of the browser capabilities as reported by selenium</doc>
<status status="NOT RUN" starttime="20221222 09:28:18.425" endtime="20221222 09:28:18.425"/>
</kw>
<status status="FAIL" starttime="20221222 09:28:18.414" endtime="20221222 09:28:18.425"/>
</kw>
<test id="s1-s2-s2-s2-t1" name="Create ASC Test for Primary and Affiliations" line="9">
<tag>unstable</tag>
<status status="FAIL" starttime="20221222 09:28:18.425" endtime="20221222 09:28:18.425">Parent suite setup failed:
WebDriverException: Message: 'chromedriver' executable needs to be in PATH. Please see https://sites.google.com/a/chromium.org/chromedriver/home
</status>
</test>
<kw name="Delete Records and Close Browser" library="Salesforce" type="TEARDOWN">
<doc>This will close all open browser windows and then delete
all records that were created with the Salesforce API during
this testing session.</doc>
<kw name="Close All Browsers" library="SeleniumLibrary">
<doc>Closes all open browsers and resets the browser cache.</doc>
<status status="PASS" starttime="20221222 09:28:18.428" endtime="20221222 09:28:18.428"/>
</kw>
<kw name="Delete Session Records" library="cumulusci.robotframework.SalesforceAPI">
<doc>Deletes records that were created while running this test case.</doc>
<msg timestamp="20221222 09:28:18.428" level="INFO">Deleting 0 records</msg>
<status status="PASS" starttime="20221222 09:28:18.428" endtime="20221222 09:28:18.428"/>
</kw>
<status status="PASS" starttime="20221222 09:28:18.428" endtime="20221222 09:28:18.429"/>
</kw>
<status status="FAIL" starttime="20221222 09:28:18.397" endtime="20221222 09:28:18.429">Suite setup failed:
WebDriverException: Message: 'chromedriver' executable needs to be in PATH. Please see https://sites.google.com/a/chromium.org/chromedriver/home
</status>
</suite>
<suite id="s1-s2-s2-s3" name="Asc Primary Contact Organization Gift" source="C:\Users\Marina Ros\Documents\GitHub\Food-Bank-Implementation\.cci\projects\NPSP\6298722fdb7929c0c8d4d635aed54ef1c8193ca1\robot\Cumulus\tests\browser\automated_soft_credits\asc_primary_contact_organization_gift.robot">
<kw name="Open Test Browser" library="Salesforce" type="SETUP">
<doc>Opens a test browser to the org.</doc>
<kw name="Run Keyword If" library="BuiltIn">
<var>${login_url}</var>
<arg>$useralias</arg>
<arg>Login URL</arg>
<arg>alias=${useralias}</arg>
<arg>ELSE</arg>
<arg>Login URL</arg>
<doc>Runs the given keyword with the given arguments, if ``condition`` is true.</doc>
<kw name="Login Url" library="cumulusci.robotframework.CumulusCI">
<doc>Returns the login url which will automatically log into the target
Salesforce org.  By default, the org_name passed to the library
constructor is used but this can be overridden with the org option
to log into a different org.</doc>
<status status="PASS" starttime="20221222 09:28:18.450" endtime="20221222 09:28:18.450"/>
</kw>
[...]
<arg>Allocations Settings</arg>
<arg>Manage</arg>
<doc>Selects the first displayed frame with given name or title and scrolls to element identified by locator and clicks</doc>
<msg timestamp="20221222 09:28:20.408" level="FAIL">No browser is open.</msg>
<status status="FAIL" starttime="20221222 09:28:20.408" endtime="20221222 09:28:20.409"/>
</kw>
<kw name="Unselect Frame" library="SeleniumLibrary">
<doc>Sets the main frame as the current frame.</doc>
<kw name="Capture Page Screenshot" library="SeleniumLibrary">
<doc>Takes a screenshot of the current page and embeds it into a log file.</doc>
<msg timestamp="20221222 09:28:20.409" level="INFO">Cannot capture screenshot because no browser is open.</msg>
<status status="PASS" starttime="20221222 09:28:20.409" endtime="20221222 09:28:20.409"/>
</kw>
<msg timestamp="20221222 09:28:20.409" level="FAIL">No browser is open.</msg>
<status status="FAIL" starttime="20221222 09:28:20.409" endtime="20221222 09:28:20.423"/>
</kw>
<kw name="Wait Until Loading Is Complete" library="cumulusci.robotframework.Salesforce">
<doc>Wait for LEX page to load.</doc>
<msg timestamp="20221222 09:28:20.425" level="INFO">Cannot capture screenshot because no browser is open.</msg>
<msg timestamp="20221222 09:28:20.426" level="FAIL">No browser is open.</msg>
<status status="FAIL" starttime="20221222 09:28:20.423" endtime="20221222 09:28:20.426"/>
</kw>
<kw name="Choose Frame" library="NPSP">
<arg>Custom Setting Allocations Settings</arg>
<doc>Returns the first displayed iframe on the page with the given name or title</doc>
<msg timestamp="20221222 09:28:20.426" level="FAIL">No browser is open.</msg>
<status status="FAIL" starttime="20221222 09:28:20.426" endtime="20221222 09:28:20.426"/>
</kw>
<kw name="Wait Until Element Is Visible" library="SeleniumLibrary">
<arg>text:Default Organization Level Value</arg>
<doc>Waits until the element ``locator`` is visible.</doc>
<kw name="Capture Page Screenshot" library="SeleniumLibrary">
<doc>Takes a screenshot of the current page and embeds it into a log file.</doc>
<msg timestamp="20221222 09:28:20.427" level="INFO">Cannot capture screenshot because no browser is open.</msg>
<status status="PASS" starttime="20221222 09:28:20.427" endtime="20221222 09:28:20.427"/>
</kw>
<msg timestamp="20221222 09:28:20.427" level="FAIL">No browser is open.</msg>
<status status="FAIL" starttime="20221222 09:28:20.426" endtime="20221222 09:28:20.438"/>
</kw>
<kw name="Checkbox Status" library="NPSP">
<arg>Payment Allocations Enabled</arg>
<arg>Checked</arg>
<doc>verifies if the specified checkbox is with expected status in readonly mode</doc>
<msg timestamp="20221222 09:28:20.438" level="FAIL">No browser is open.</msg>
<status status="FAIL" starttime="20221222 09:28:20.438" endtime="20221222 09:28:20.439"/>
</kw>
<kw name="Checkbox Status" library="NPSP">
<arg>Default Allocations Enabled</arg>
<arg>Checked</arg>
<doc>verifies if the specified checkbox is with expected status in readonly mode</doc>
<msg timestamp="20221222 09:28:20.439" level="FAIL">No browser is open.</msg>
<status status="FAIL" starttime="20221222 09:28:20.439" endtime="20221222 09:28:20.439"/>
</kw>
<kw name="Click Button" library="SeleniumLibrary">
<arg>Edit</arg>
<doc>Clicks the button identified by ``locator``.</doc>
<msg timestamp="20221222 09:28:20.439" level="INFO">Clicking button 'Edit'.</msg>
<kw name="Capture Page Screenshot" library="SeleniumLibrary">
<doc>Takes a screenshot of the current page and embeds it into a log file.</doc>
<msg timestamp="20221222 09:28:20.440" level="INFO">Cannot capture screenshot because no browser is open.</msg>
<status status="PASS" starttime="20221222 09:28:20.440" endtime="20221222 09:28:20.440"/>
</kw>
<msg timestamp="20221222 09:28:20.440" level="FAIL">No browser is open.</msg>
<status status="FAIL" starttime="20221222 09:28:20.439" endtime="20221222 09:28:20.447"/>
</kw>
<kw name="Choose Frame" library="NPSP">
<arg>Allocations Settings</arg>
<doc>Returns the first displayed iframe on the page with the given name or title</doc>
<msg timestamp="20221222 09:28:20.448" level="FAIL">No browser is open.</msg>
<status status="FAIL" starttime="20221222 09:28:20.447" endtime="20221222 09:28:20.448"/>
</kw>
<kw name="Select Lightning Checkbox" library="NPSP">
<arg>Default_Allocations_Enabled</arg>
<doc>Clicks on a checkbox using field name</doc>
<msg timestamp="20221222 09:28:20.449" level="FAIL">No browser is open.</msg>
<status status="FAIL" starttime="20221222 09:28:20.448" endtime="20221222 09:28:20.449"/>
</kw>
<kw name="Select Lightning Checkbox" library="NPSP">
<arg>Payment_Allocations_Enabled</arg>
<doc>Clicks on a checkbox using field name</doc>
<msg timestamp="20221222 09:28:20.449" level="FAIL">No browser is open.</msg>
<status status="FAIL" starttime="20221222 09:28:20.449" endtime="20221222 09:28:20.449"/>
</kw>
<kw name="Populate Field With Id" library="NPSP">
<arg>Default__c</arg>
<arg>null</arg>
<msg timestamp="20221222 09:28:20.450" level="FAIL">No browser is open.</msg>
<status status="FAIL" starttime="20221222 09:28:20.450" endtime="20221222 09:28:20.450"/>
</kw>
<kw name="Click Button" library="SeleniumLibrary">
<arg>Save</arg>
<doc>Clicks the button identified by ``locator``.</doc>
<msg timestamp="20221222 09:28:20.450" level="INFO">Clicking button 'Save'.</msg>
<kw name="Capture Page Screenshot" library="SeleniumLibrary">
<doc>Takes a screenshot of the current page and embeds it into a log file.</doc>
<msg timestamp="20221222 09:28:20.451" level="INFO">Cannot capture screenshot because no browser is open.</msg>
<status status="PASS" starttime="20221222 09:28:20.450" endtime="20221222 09:28:20.451"/>
</kw>
<msg timestamp="20221222 09:28:20.451" level="FAIL">No browser is open.</msg>
<status status="FAIL" starttime="20221222 09:28:20.450" endtime="20221222 09:28:20.451"/>
</kw>
<status status="FAIL" starttime="20221222 09:28:20.393" endtime="20221222 09:28:20.451"/>
</kw>
<kw name="Delete Records and Close Browser" library="Salesforce">
<doc>This will close all open browser windows and then delete
all records that were created with the Salesforce API during
this testing session.</doc>
<kw name="Close All Browsers" library="SeleniumLibrary">
<doc>Closes all open browsers and resets the browser cache.</doc>
<status status="PASS" starttime="20221222 09:28:20.451" endtime="20221222 09:28:20.452"/>
</kw>
<kw name="Delete Session Records" library="cumulusci.robotframework.SalesforceAPI">
<doc>Deletes records that were created while running this test case.</doc>
<msg timestamp="20221222 09:28:20.452" level="INFO">Deleting 0 records</msg>
<status status="PASS" starttime="20221222 09:28:20.452" endtime="20221222 09:28:20.452"/>
</kw>
<status status="PASS" starttime="20221222 09:28:20.451" endtime="20221222 09:28:20.452"/>
</kw>
<status status="FAIL" starttime="20221222 09:28:20.392" endtime="20221222 09:28:20.452">Several failures occurred:

1) No browser is open.

2) No browser is open.

3) No browser is open.

4) No browser is open.

5) No browser is open.

6) No browser is open.

7) No browser is open.

8) No browser is open.

9) No browser is open.

10) No browser is open.

11) No browser is open.

12) No browser is open.

13) No browser is open.

14) No browser is open.</status>
</kw>
<status status="FAIL" starttime="20221222 09:28:20.357" endtime="20221222 09:28:20.452">Suite setup failed:
WebDriverException: Message: 'chromedriver' executable needs to be in PATH. Please see https://sites.google.com/a/chromium.org/chromedriver/home


Also suite teardown failed:
Several failures occurred:

1) No browser is open.

2) No browser is open.

3) No browser is open.

4) No browser is open.

5) No browser is open.

6) No browser is open.

7) No browser is open.

8) No browser is open.

9) No browser is open.

10) No browser is open.

11) No browser is open.

12) No browser is open.

13) No browser is open.

14) No browser is open.</status>
</suite>
<status status="FAIL" starttime="20221222 09:28:20.353" endtime="20221222 09:28:20.460"/>
</suite>
<status status="FAIL" starttime="20221222 09:28:18.151" endtime="20221222 09:28:20.463"/>
</suite>
<status status="FAIL" starttime="20221222 09:28:17.093" endtime="20221222 09:28:20.468"/>
</suite>
<statistics>
<total>
<stat pass="0" fail="80" skip="0">All Tests</stat>
</total>
<tag>
<stat pass="0" fail="20" skip="0">stable</stat>
<stat pass="0" fail="36" skip="0">unstable</stat>
</tag>
<suite>
<stat pass="0" fail="80" skip="0" id="s1" name="Tests">Tests</stat>
<stat pass="0" fail="1" skip="0" id="s1-s1" name="Api">Tests.Api</stat>
<stat pass="0" fail="1" skip="0" id="s1-s1-s1" name="Create Contact Api">Tests.Api.Create Contact Api</stat>
<stat pass="0" fail="79" skip="0" id="s1-s2" name="Browser">Tests.Browser</stat>
<stat pass="0" fail="6" skip="0" id="s1-s2-s1" name="Affiliations">Tests.Browser.Affiliations</stat>
<stat pass="0" fail="1" skip="0" id="s1-s2-s1-s1" name="Change Secondary As Primary Affiliation">Tests.Browser.Affiliations.Change Secondary As Primary Affiliation</stat>
<stat pass="0" fail="1" skip="0" id="s1-s2-s1-s2" name="Create Primary Affiliation">Tests.Browser.Affiliations.Create Primary Affiliation</stat>
<stat pass="0" fail="1" skip="0" id="s1-s2-s1-s3" name="Create Secondary Affiliation">Tests.Browser.Affiliations.Create Secondary Affiliation</stat>
<stat pass="0" fail="2" skip="0" id="s1-s2-s1-s4" name="Remove Primary Affiliation">Tests.Browser.Affiliations.Remove Primary Affiliation</stat>
<stat pass="0" fail="1" skip="0" id="s1-s2-s1-s5" name="Remove Secondary Affiliation">Tests.Browser.Affiliations.Remove Secondary Affiliation</stat>
<stat pass="0" fail="6" skip="0" id="s1-s2-s2" name="Automated Soft Credits">Tests.Browser.Automated Soft Credits</stat>
<stat pass="0" fail="1" skip="0" id="s1-s2-s2-s1" name="Asc Affiliations">Tests.Browser.Automated Soft Credits.Asc Affiliations</stat>
<stat pass="0" fail="1" skip="0" id="s1-s2-s2-s2" name="Asc Primary And Affiliation">Tests.Browser.Automated Soft Credits.Asc Primary And Affiliation</stat>
<stat pass="0" fail="1" skip="0" id="s1-s2-s2-s3" name="Asc Primary Contact Organization Gift">Tests.Browser.Automated Soft Credits.Asc Primary Contact Organization Gift</stat>
<stat pass="0" fail="2" skip="0" id="s1-s2-s2-s4" name="Asc Reciprocal Relation">Tests.Browser.Automated Soft Credits.Asc Reciprocal Relation</stat>
<stat pass="0" fail="1" skip="0" id="s1-s2-s2-s5" name="Asc Relationships">Tests.Browser.Automated Soft Credits.Asc Relationships</stat>
<stat pass="0" fail="2" skip="0" id="s1-s2-s3" name="Batch Data Imports">Tests.Browser.Batch Data Imports</stat>
<stat pass="0" fail="1" skip="0" id="s1-s2-s3-s1" name="1 Enable Bdi Advanced Mapping">Tests.Browser.Batch Data Imports.1 Enable Bdi Advanced Mapping</stat>
<stat pass="0" fail="1" skip="0" id="s1-s2-s3-s2" name="Bdi With Additional Objects">Tests.Browser.Batch Data Imports.Bdi With Additional Objects</stat>
<stat pass="0" fail="19" skip="0" id="s1-s2-s4" name="Batch Gift Entry">Tests.Browser.Batch Gift Entry</stat>
<stat pass="0" fail="2" skip="0" id="s1-s2-s4-s1" name="Bdi Batch With Custom Fields">Tests.Browser.Batch Gift Entry.Bdi Batch With Custom Fields</stat>
<stat pass="0" fail="1" skip="0" id="s1-s2-s4-s2" name="Best Match Donation Matching Behaviour">Tests.Browser.Batch Gift Entry.Best Match Donation Matching Behaviour</stat>
<stat pass="0" fail="1" skip="0" id="s1-s2-s4-s3" name="Bge Custom Batch">Tests.Browser.Batch Gift Entry.Bge Custom Batch</stat>
<stat pass="0" fail="2" skip="0" id="s1-s2-s4-s4" name="Bge Default Batch">Tests.Browser.Batch Gift Entry.Bge Default Batch</stat>
<stat pass="0" fail="3" skip="0" id="s1-s2-s4-s5" name="Bge Default Batch With Custom Fields">Tests.Browser.Batch Gift Entry.Bge Default Batch With Custom Fields</stat>
<stat pass="0" fail="1" skip="0" id="s1-s2-s4-s6" name="Create New Account And Payment">Tests.Browser.Batch Gift Entry.Create New Account And Payment</stat>
<stat pass="0" fail="1" skip="0" id="s1-s2-s4-s7" name="Delete Data Import">Tests.Browser.Batch Gift Entry.Delete Data Import</stat>
<stat pass="0" fail="1" skip="0" id="s1-s2-s4-s8" name="Donation For Account With Exact Payment Match">Tests.Browser.Batch Gift Entry.Donation For Account With Exact Payment Match</stat>
<stat pass="0" fail="1" skip="0" id="s1-s2-s4-s9" name="Donation For Contact Dont Select Match">Tests.Browser.Batch Gift Entry.Donation For Contact Dont Select Match</stat>
<stat pass="0" fail="1" skip="0" id="s1-s2-s4-s10" name="Edit Batch Created Via Api">Tests.Browser.Batch Gift Entry.Edit Batch Created Via Api</stat>
<stat pass="0" fail="1" skip="0" id="s1-s2-s4-s11" name="New Opp For Contact With Open Donations">Tests.Browser.Batch Gift Entry.New Opp For Contact With Open Donations</stat>
<stat pass="0" fail="1" skip="0" id="s1-s2-s4-s12" name="No Of Days From Donation Date Functionality">Tests.Browser.Batch Gift Entry.No Of Days From Donation Date Functionality</stat>
<stat pass="0" fail="1" skip="0" id="s1-s2-s4-s13" name="Opp Autoclosed">Tests.Browser.Batch Gift Entry.Opp Autoclosed</stat>
<stat pass="0" fail="1" skip="0" id="s1-s2-s4-s14" name="Opportunity For Account">Tests.Browser.Batch Gift Entry.Opportunity For Account</stat>
<stat pass="0" fail="1" skip="0" id="s1-s2-s4-s15" name="Payment For Contact">Tests.Browser.Batch Gift Entry.Payment For Contact</stat>
<stat pass="0" fail="8" skip="0" id="s1-s2-s5" name="Contacts Accounts">Tests.Browser.Contacts Accounts</stat>
<stat pass="0" fail="1" skip="0" id="s1-s2-s5-s1" name="Add Existingcontact Household">Tests.Browser.Contacts Accounts.Add Existingcontact Household</stat>
<stat pass="0" fail="1" skip="0" id="s1-s2-s5-s2" name="Add Newcontact Household">Tests.Browser.Contacts Accounts.Add Newcontact Household</stat>
<stat pass="0" fail="3" skip="0" id="s1-s2-s5-s3" name="Create Household">Tests.Browser.Contacts Accounts.Create Household</stat>
<stat pass="0" fail="1" skip="0" id="s1-s2-s5-s4" name="Create Organization">Tests.Browser.Contacts Accounts.Create Organization</stat>
<stat pass="0" fail="1" skip="0" id="s1-s2-s5-s5" name="Deletebehaviors Household">Tests.Browser.Contacts Accounts.Deletebehaviors Household</stat>
<stat pass="0" fail="1" skip="0" id="s1-s2-s5-s6" name="Deletecontact Household">Tests.Browser.Contacts Accounts.Deletecontact Household</stat>
<stat pass="0" fail="4" skip="0" id="s1-s2-s6" name="Donations">Tests.Browser.Donations</stat>
<stat pass="0" fail="1" skip="0" id="s1-s2-s6-s1" name="Create Contact Donation">Tests.Browser.Donations.Create Contact Donation</stat>
<stat pass="0" fail="1" skip="0" id="s1-s2-s6-s2" name="Create Donation Payment">Tests.Browser.Donations.Create Donation Payment</stat>
<stat pass="0" fail="1" skip="0" id="s1-s2-s6-s3" name="Delete Opportunity">Tests.Browser.Donations.Delete Opportunity</stat>
<stat pass="0" fail="1" skip="0" id="s1-s2-s6-s4" name="Verify Donation Contact Roles">Tests.Browser.Donations.Verify Donation Contact Roles</stat>
<stat pass="0" fail="8" skip="0" id="s1-s2-s7" name="Donations Payments">Tests.Browser.Donations Payments</stat>
<stat pass="0" fail="3" skip="0" id="s1-s2-s7-s1" name="Create Donation And Payment">Tests.Browser.Donations Payments.Create Donation And Payment</stat>
<stat pass="0" fail="1" skip="0" id="s1-s2-s7-s2" name="Create Grant">Tests.Browser.Donations Payments.Create Grant</stat>
<stat pass="0" fail="1" skip="0" id="s1-s2-s7-s3" name="Create Matching Donation">Tests.Browser.Donations Payments.Create Matching Donation</stat>
<stat pass="0" fail="1" skip="0" id="s1-s2-s7-s4" name="Data Imports">Tests.Browser.Donations Payments.Data Imports</stat>
<stat pass="0" fail="1" skip="0" id="s1-s2-s7-s5" name="Find Matched Gifts">Tests.Browser.Donations Payments.Find Matched Gifts</stat>
<stat pass="0" fail="1" skip="0" id="s1-s2-s7-s6" name="Lead Conversion">Tests.Browser.Donations Payments.Lead Conversion</stat>
<stat pass="0" fail="5" skip="0" id="s1-s2-s8" name="Engagement Plans">Tests.Browser.Engagement Plans</stat>
<stat pass="0" fail="3" skip="0" id="s1-s2-s8-s1" name="Add Engagement Plan To Contact">Tests.Browser.Engagement Plans.Add Engagement Plan To Contact</stat>
<stat pass="0" fail="1" skip="0" id="s1-s2-s8-s2" name="Create Engagement Plan">Tests.Browser.Engagement Plans.Create Engagement Plan</stat>
<stat pass="0" fail="1" skip="0" id="s1-s2-s8-s3" name="Edit Engagement Plan">Tests.Browser.Engagement Plans.Edit Engagement Plan</stat>
<stat pass="0" fail="2" skip="0" id="s1-s2-s9" name="Gaus">Tests.Browser.Gaus</stat>
<stat pass="0" fail="1" skip="0" id="s1-s2-s9-s1" name="Assign Gau To Opportunity">Tests.Browser.Gaus.Assign Gau To Opportunity</stat>
<stat pass="0" fail="1" skip="0" id="s1-s2-s9-s2" name="Create Gau">Tests.Browser.Gaus.Create Gau</stat>
<stat pass="0" fail="4" skip="0" id="s1-s2-s10" name="Levels">Tests.Browser.Levels</stat>
<stat pass="0" fail="4" skip="0" id="s1-s2-s10-s1" name="Create Edit Delete Level">Tests.Browser.Levels.Create Edit Delete Level</stat>
<stat pass="0" fail="4" skip="0" id="s1-s2-s11" name="Manage Households">Tests.Browser.Manage Households</stat>
<stat pass="0" fail="1" skip="0" id="s1-s2-s11-s1" name="Add Address Managehh">Tests.Browser.Manage Households.Add Address Managehh</stat>
<stat pass="0" fail="1" skip="0" id="s1-s2-s11-s2" name="Add Existingcontact Managehh">Tests.Browser.Manage Households.Add Existingcontact Managehh</stat>
<stat pass="0" fail="1" skip="0" id="s1-s2-s11-s3" name="Add Newcontact Managehh">Tests.Browser.Manage Households.Add Newcontact Managehh</stat>
<stat pass="0" fail="1" skip="0" id="s1-s2-s11-s4" name="Change Naming Managehh">Tests.Browser.Manage Households.Change Naming Managehh</stat>
<stat pass="0" fail="2" skip="0" id="s1-s2-s12" name="Npsp Settings">Tests.Browser.Npsp Settings</stat>
<stat pass="0" fail="1" skip="0" id="s1-s2-s12-s1" name="Edit And Verify Setting">Tests.Browser.Npsp Settings.Edit And Verify Setting</stat>
<stat pass="0" fail="1" skip="0" id="s1-s2-s12-s2" name="Verify Payment Allocations Setting">Tests.Browser.Npsp Settings.Verify Payment Allocations Setting</stat>
<stat pass="0" fail="5" skip="0" id="s1-s2-s13" name="Recurring Donations">Tests.Browser.Recurring Donations</stat>
<stat pass="0" fail="1" skip="0" id="s1-s2-s13-s1" name="Create A Fixed Length Recurring Donation Divide By">Tests.Browser.Recurring Donations.Create A Fixed Length Recurring Donation Divide By</stat>
<stat pass="0" fail="1" skip="0" id="s1-s2-s13-s2" name="Create A Fixed Length Recurring Donation Multiply By">Tests.Browser.Recurring Donations.Create A Fixed Length Recurring Donation Multiply By</stat>
<stat pass="0" fail="1" skip="0" id="s1-s2-s13-s3" name="Create And Close Recurring Donation And Refresh Opportunities">Tests.Browser.Recurring Donations.Create And Close Recurring Donation And Refresh Opportunities</stat>
<stat pass="0" fail="1" skip="0" id="s1-s2-s13-s4" name="Create Recurring Donation And Check Rollups">Tests.Browser.Recurring Donations.Create Recurring Donation And Check Rollups</stat>
<stat pass="0" fail="1" skip="0" id="s1-s2-s13-s5" name="Create Recurring Donation Ui">Tests.Browser.Recurring Donations.Create Recurring Donation Ui</stat>
<stat pass="0" fail="1" skip="0" id="s1-s2-s14" name="Relationships">Tests.Browser.Relationships</stat>
<stat pass="0" fail="1" skip="0" id="s1-s2-s14-s1" name="Create Relationships">Tests.Browser.Relationships.Create Relationships</stat>
<stat pass="0" fail="1" skip="0" id="s1-s2-s15" name="Tdtm">Tests.Browser.Tdtm</stat>
<stat pass="0" fail="1" skip="0" id="s1-s2-s15-s1" name="Tdtm Username Exclude.Robot">Tests.Browser.Tdtm.Tdtm Username Exclude.Robot</stat>
<stat pass="0" fail="2" skip="0" id="s1-s2-s16" name="Zpayment Allocations">Tests.Browser.Zpayment Allocations</stat>
<stat pass="0" fail="2" skip="0" id="s1-s2-s16-s1" name="Enable Pmt Alloc And Test">Tests.Browser.Zpayment Allocations.Enable Pmt Alloc And Test</stat>
</suite>
</statistics>
<errors>
</errors>
</robot>
